{
  "/Users/georgepapagapitos/Documents/programming/projects/hannahs-habits/habits-api/src/app.ts": {
    "path": "/Users/georgepapagapitos/Documents/programming/projects/hannahs-habits/habits-api/src/app.ts",
    "statementMap": {
      "0": {
        "start": { "line": 1, "column": 0 },
        "end": { "line": 1, "column": 24 }
      },
      "1": {
        "start": { "line": 2, "column": 0 },
        "end": { "line": 2, "column": 43 }
      },
      "2": {
        "start": { "line": 3, "column": 0 },
        "end": { "line": 3, "column": 28 }
      },
      "3": {
        "start": { "line": 4, "column": 0 },
        "end": { "line": 4, "column": 78 }
      },
      "4": {
        "start": { "line": 5, "column": 0 },
        "end": { "line": 5, "column": 30 }
      },
      "5": {
        "start": { "line": 7, "column": 21 },
        "end": { "line": 7, "column": 30 }
      },
      "6": {
        "start": { "line": 10, "column": 0 },
        "end": { "line": 10, "column": 18 }
      },
      "7": {
        "start": { "line": 12, "column": 0 },
        "end": { "line": 21, "column": 2 }
      },
      "8": {
        "start": { "line": 22, "column": 0 },
        "end": { "line": 22, "column": 24 }
      },
      "9": {
        "start": { "line": 23, "column": 0 },
        "end": { "line": 23, "column": 48 }
      },
      "10": {
        "start": { "line": 26, "column": 0 },
        "end": { "line": 26, "column": 16 }
      },
      "11": {
        "start": { "line": 29, "column": 0 },
        "end": { "line": 29, "column": 25 }
      },
      "12": {
        "start": { "line": 30, "column": 0 },
        "end": { "line": 30, "column": 22 }
      },
      "13": {
        "start": { "line": 32, "column": 0 },
        "end": { "line": 32, "column": 19 }
      }
    },
    "fnMap": {},
    "branchMap": {
      "0": {
        "loc": {
          "start": { "line": 15, "column": 6 },
          "end": { "line": 17, "column": 63 }
        },
        "type": "cond-expr",
        "locations": [
          {
            "start": { "line": 16, "column": 10 },
            "end": { "line": 16, "column": 39 }
          },
          {
            "start": { "line": 17, "column": 10 },
            "end": { "line": 17, "column": 63 }
          }
        ]
      }
    },
    "s": {
      "0": 0,
      "1": 0,
      "2": 0,
      "3": 0,
      "4": 0,
      "5": 0,
      "6": 0,
      "7": 0,
      "8": 0,
      "9": 0,
      "10": 0,
      "11": 0,
      "12": 0,
      "13": 0
    },
    "f": {},
    "b": { "0": [0, 0] }
  },
  "/Users/georgepapagapitos/Documents/programming/projects/hannahs-habits/habits-api/src/server.ts": {
    "path": "/Users/georgepapagapitos/Documents/programming/projects/hannahs-habits/habits-api/src/server.ts",
    "statementMap": {
      "0": {
        "start": { "line": 1, "column": 0 },
        "end": { "line": 1, "column": 24 }
      },
      "1": {
        "start": { "line": 2, "column": 0 },
        "end": { "line": 2, "column": 40 }
      },
      "2": {
        "start": { "line": 3, "column": 0 },
        "end": { "line": 3, "column": 36 }
      },
      "3": {
        "start": { "line": 4, "column": 0 },
        "end": { "line": 4, "column": 51 }
      },
      "4": {
        "start": { "line": 7, "column": 0 },
        "end": { "line": 33, "column": 5 }
      },
      "5": {
        "start": { "line": 10, "column": 19 },
        "end": { "line": 17, "column": 6 }
      },
      "6": {
        "start": { "line": 11, "column": 6 },
        "end": { "line": 13, "column": 8 }
      },
      "7": {
        "start": { "line": 14, "column": 6 },
        "end": { "line": 16, "column": 8 }
      },
      "8": {
        "start": { "line": 20, "column": 4 },
        "end": { "line": 20, "column": 21 }
      },
      "9": {
        "start": { "line": 21, "column": 4 },
        "end": { "line": 21, "column": 41 }
      },
      "10": {
        "start": { "line": 24, "column": 4 },
        "end": { "line": 28, "column": 7 }
      },
      "11": {
        "start": { "line": 25, "column": 6 },
        "end": { "line": 25, "column": 45 }
      },
      "12": {
        "start": { "line": 27, "column": 6 },
        "end": { "line": 27, "column": 42 }
      },
      "13": {
        "start": { "line": 27, "column": 25 },
        "end": { "line": 27, "column": 40 }
      },
      "14": {
        "start": { "line": 31, "column": 4 },
        "end": { "line": 31, "column": 57 }
      },
      "15": {
        "start": { "line": 32, "column": 4 },
        "end": { "line": 32, "column": 20 }
      },
      "16": {
        "start": { "line": 36, "column": 0 },
        "end": { "line": 39, "column": 3 }
      },
      "17": {
        "start": { "line": 37, "column": 2 },
        "end": { "line": 37, "column": 60 }
      },
      "18": {
        "start": { "line": 38, "column": 2 },
        "end": { "line": 38, "column": 18 }
      }
    },
    "fnMap": {
      "0": {
        "name": "(anonymous_1)",
        "decl": {
          "start": { "line": 8, "column": 8 },
          "end": { "line": 8, "column": 11 }
        },
        "loc": {
          "start": { "line": 8, "column": 13 },
          "end": { "line": 29, "column": 3 }
        }
      },
      "1": {
        "name": "(anonymous_2)",
        "decl": {
          "start": { "line": 10, "column": 47 },
          "end": { "line": 10, "column": 50 }
        },
        "loc": {
          "start": { "line": 10, "column": 52 },
          "end": { "line": 17, "column": 5 }
        }
      },
      "2": {
        "name": "(anonymous_3)",
        "decl": {
          "start": { "line": 24, "column": 37 },
          "end": { "line": 24, "column": 38 }
        },
        "loc": {
          "start": { "line": 24, "column": 52 },
          "end": { "line": 28, "column": 5 }
        }
      },
      "3": {
        "name": "(anonymous_4)",
        "decl": {
          "start": { "line": 27, "column": 19 },
          "end": { "line": 27, "column": 22 }
        },
        "loc": {
          "start": { "line": 27, "column": 25 },
          "end": { "line": 27, "column": 40 }
        }
      },
      "4": {
        "name": "(anonymous_5)",
        "decl": {
          "start": { "line": 30, "column": 9 },
          "end": { "line": 30, "column": 10 }
        },
        "loc": {
          "start": { "line": 30, "column": 17 },
          "end": { "line": 33, "column": 3 }
        }
      },
      "5": {
        "name": "(anonymous_6)",
        "decl": {
          "start": { "line": 36, "column": 22 },
          "end": { "line": 36, "column": 25 }
        },
        "loc": {
          "start": { "line": 36, "column": 27 },
          "end": { "line": 39, "column": 1 }
        }
      }
    },
    "branchMap": {},
    "s": {
      "0": 0,
      "1": 0,
      "2": 0,
      "3": 0,
      "4": 0,
      "5": 0,
      "6": 0,
      "7": 0,
      "8": 0,
      "9": 0,
      "10": 0,
      "11": 0,
      "12": 0,
      "13": 0,
      "14": 0,
      "15": 0,
      "16": 0,
      "17": 0,
      "18": 0
    },
    "f": { "0": 0, "1": 0, "2": 0, "3": 0, "4": 0, "5": 0 },
    "b": {}
  },
  "/Users/georgepapagapitos/Documents/programming/projects/hannahs-habits/habits-api/src/__tests__/mocks/user.model.mock.ts": {
    "path": "/Users/georgepapagapitos/Documents/programming/projects/hannahs-habits/habits-api/src/__tests__/mocks/user.model.mock.ts",
    "statementMap": {
      "0": {
        "start": { "line": 2, "column": 13 },
        "end": { "line": 10, "column": 2 }
      }
    },
    "fnMap": {},
    "branchMap": {},
    "s": { "0": 1 },
    "f": {},
    "b": {}
  },
  "/Users/georgepapagapitos/Documents/programming/projects/hannahs-habits/habits-api/src/config/db.ts": {
    "path": "/Users/georgepapagapitos/Documents/programming/projects/hannahs-habits/habits-api/src/config/db.ts",
    "statementMap": {
      "0": {
        "start": { "line": 1, "column": 0 },
        "end": { "line": 1, "column": 32 }
      },
      "1": {
        "start": { "line": 2, "column": 0 },
        "end": { "line": 2, "column": 36 }
      },
      "2": {
        "start": { "line": 5, "column": 0 },
        "end": { "line": 5, "column": 35 }
      },
      "3": {
        "start": { "line": 7, "column": 25 },
        "end": { "line": 21, "column": 1 }
      },
      "4": {
        "start": { "line": 8, "column": 2 },
        "end": { "line": 20, "column": 3 }
      },
      "5": {
        "start": { "line": 9, "column": 4 },
        "end": { "line": 13, "column": 5 }
      },
      "6": {
        "start": { "line": 10, "column": 6 },
        "end": { "line": 12, "column": 8 }
      },
      "7": {
        "start": { "line": 15, "column": 4 },
        "end": { "line": 15, "column": 40 }
      },
      "8": {
        "start": { "line": 16, "column": 4 },
        "end": { "line": 16, "column": 50 }
      },
      "9": {
        "start": { "line": 18, "column": 4 },
        "end": { "line": 18, "column": 54 }
      },
      "10": {
        "start": { "line": 19, "column": 4 },
        "end": { "line": 19, "column": 20 }
      },
      "11": {
        "start": { "line": 7, "column": 13 },
        "end": { "line": 7, "column": 25 }
      },
      "12": {
        "start": { "line": 23, "column": 28 },
        "end": { "line": 30, "column": 1 }
      },
      "13": {
        "start": { "line": 24, "column": 2 },
        "end": { "line": 29, "column": 3 }
      },
      "14": {
        "start": { "line": 25, "column": 4 },
        "end": { "line": 25, "column": 32 }
      },
      "15": {
        "start": { "line": 26, "column": 4 },
        "end": { "line": 26, "column": 40 }
      },
      "16": {
        "start": { "line": 28, "column": 4 },
        "end": { "line": 28, "column": 57 }
      },
      "17": {
        "start": { "line": 23, "column": 13 },
        "end": { "line": 23, "column": 28 }
      }
    },
    "fnMap": {
      "0": {
        "name": "(anonymous_1)",
        "decl": {
          "start": { "line": 7, "column": 25 },
          "end": { "line": 7, "column": 30 }
        },
        "loc": {
          "start": { "line": 7, "column": 51 },
          "end": { "line": 21, "column": 1 }
        }
      },
      "1": {
        "name": "(anonymous_2)",
        "decl": {
          "start": { "line": 23, "column": 28 },
          "end": { "line": 23, "column": 33 }
        },
        "loc": {
          "start": { "line": 23, "column": 54 },
          "end": { "line": 30, "column": 1 }
        }
      }
    },
    "branchMap": {
      "0": {
        "loc": {
          "start": { "line": 9, "column": 4 },
          "end": { "line": 13, "column": 5 }
        },
        "type": "if",
        "locations": [
          {
            "start": { "line": 9, "column": 4 },
            "end": { "line": 13, "column": 5 }
          }
        ]
      }
    },
    "s": {
      "0": 0,
      "1": 0,
      "2": 0,
      "3": 0,
      "4": 0,
      "5": 0,
      "6": 0,
      "7": 0,
      "8": 0,
      "9": 0,
      "10": 0,
      "11": 0,
      "12": 0,
      "13": 0,
      "14": 0,
      "15": 0,
      "16": 0,
      "17": 0
    },
    "f": { "0": 0, "1": 0 },
    "b": { "0": [0] }
  },
  "/Users/georgepapagapitos/Documents/programming/projects/hannahs-habits/habits-api/src/config/env.ts": {
    "path": "/Users/georgepapagapitos/Documents/programming/projects/hannahs-habits/habits-api/src/config/env.ts",
    "statementMap": {
      "0": {
        "start": { "line": 1, "column": 0 },
        "end": { "line": 1, "column": 28 }
      },
      "1": {
        "start": { "line": 4, "column": 0 },
        "end": { "line": 4, "column": 16 }
      },
      "2": {
        "start": { "line": 7, "column": 13 },
        "end": { "line": 7, "column": 77 }
      },
      "3": {
        "start": { "line": 8, "column": 13 },
        "end": { "line": 8, "column": 62 }
      },
      "4": {
        "start": { "line": 11, "column": 13 },
        "end": { "line": 11, "column": 51 }
      }
    },
    "fnMap": {},
    "branchMap": {
      "0": {
        "loc": {
          "start": { "line": 7, "column": 20 },
          "end": { "line": 7, "column": 76 }
        },
        "type": "cond-expr",
        "locations": [
          {
            "start": { "line": 7, "column": 39 },
            "end": { "line": 7, "column": 69 }
          },
          {
            "start": { "line": 7, "column": 72 },
            "end": { "line": 7, "column": 76 }
          }
        ]
      },
      "1": {
        "loc": {
          "start": { "line": 8, "column": 24 },
          "end": { "line": 8, "column": 61 }
        },
        "type": "binary-expr",
        "locations": [
          {
            "start": { "line": 8, "column": 24 },
            "end": { "line": 8, "column": 44 }
          },
          {
            "start": { "line": 8, "column": 48 },
            "end": { "line": 8, "column": 61 }
          }
        ]
      }
    },
    "s": { "0": 0, "1": 0, "2": 0, "3": 0, "4": 0 },
    "f": {},
    "b": { "0": [0, 0], "1": [0, 0] }
  },
  "/Users/georgepapagapitos/Documents/programming/projects/hannahs-habits/habits-api/src/controllers/auth.controller.ts": {
    "path": "/Users/georgepapagapitos/Documents/programming/projects/hannahs-habits/habits-api/src/controllers/auth.controller.ts",
    "statementMap": {
      "0": {
        "start": { "line": 1, "column": 0 },
        "end": { "line": 1, "column": 30 }
      },
      "1": {
        "start": { "line": 3, "column": 0 },
        "end": { "line": 3, "column": 31 }
      },
      "2": {
        "start": { "line": 5, "column": 0 },
        "end": { "line": 5, "column": 44 }
      },
      "3": {
        "start": { "line": 9, "column": 22 },
        "end": { "line": 15, "column": 1 }
      },
      "4": {
        "start": { "line": 10, "column": 2 },
        "end": { "line": 14, "column": 4 }
      },
      "5": {
        "start": { "line": 19, "column": 28 },
        "end": { "line": 64, "column": 1 }
      },
      "6": {
        "start": { "line": 20, "column": 2 },
        "end": { "line": 63, "column": 3 }
      },
      "7": {
        "start": { "line": 21, "column": 55 },
        "end": { "line": 21, "column": 63 }
      },
      "8": {
        "start": { "line": 24, "column": 25 },
        "end": { "line": 26, "column": 6 }
      },
      "9": {
        "start": { "line": 28, "column": 4 },
        "end": { "line": 34, "column": 5 }
      },
      "10": {
        "start": { "line": 29, "column": 6 },
        "end": { "line": 32, "column": 9 }
      },
      "11": {
        "start": { "line": 33, "column": 6 },
        "end": { "line": 33, "column": 13 }
      },
      "12": {
        "start": { "line": 37, "column": 17 },
        "end": { "line": 37, "column": 41 }
      },
      "13": {
        "start": { "line": 38, "column": 27 },
        "end": { "line": 38, "column": 60 }
      },
      "14": {
        "start": { "line": 41, "column": 17 },
        "end": { "line": 45, "column": 6 }
      },
      "15": {
        "start": { "line": 48, "column": 18 },
        "end": { "line": 48, "column": 79 }
      },
      "16": {
        "start": { "line": 50, "column": 35 },
        "end": { "line": 57, "column": 6 }
      },
      "17": {
        "start": { "line": 59, "column": 4 },
        "end": { "line": 59, "column": 35 }
      },
      "18": {
        "start": { "line": 61, "column": 4 },
        "end": { "line": 61, "column": 25 }
      },
      "19": {
        "start": { "line": 62, "column": 4 },
        "end": { "line": 62, "column": 74 }
      },
      "20": {
        "start": { "line": 19, "column": 13 },
        "end": { "line": 19, "column": 28 }
      },
      "21": {
        "start": { "line": 68, "column": 25 },
        "end": { "line": 111, "column": 1 }
      },
      "22": {
        "start": { "line": 69, "column": 2 },
        "end": { "line": 110, "column": 3 }
      },
      "23": {
        "start": { "line": 70, "column": 46 },
        "end": { "line": 70, "column": 54 }
      },
      "24": {
        "start": { "line": 73, "column": 17 },
        "end": { "line": 73, "column": 46 }
      },
      "25": {
        "start": { "line": 75, "column": 4 },
        "end": { "line": 81, "column": 5 }
      },
      "26": {
        "start": { "line": 76, "column": 6 },
        "end": { "line": 79, "column": 9 }
      },
      "27": {
        "start": { "line": 80, "column": 6 },
        "end": { "line": 80, "column": 13 }
      },
      "28": {
        "start": { "line": 84, "column": 20 },
        "end": { "line": 84, "column": 65 }
      },
      "29": {
        "start": { "line": 86, "column": 4 },
        "end": { "line": 92, "column": 5 }
      },
      "30": {
        "start": { "line": 87, "column": 6 },
        "end": { "line": 90, "column": 9 }
      },
      "31": {
        "start": { "line": 91, "column": 6 },
        "end": { "line": 91, "column": 13 }
      },
      "32": {
        "start": { "line": 95, "column": 18 },
        "end": { "line": 95, "column": 79 }
      },
      "33": {
        "start": { "line": 97, "column": 35 },
        "end": { "line": 104, "column": 6 }
      },
      "34": {
        "start": { "line": 106, "column": 4 },
        "end": { "line": 106, "column": 23 }
      },
      "35": {
        "start": { "line": 108, "column": 4 },
        "end": { "line": 108, "column": 25 }
      },
      "36": {
        "start": { "line": 109, "column": 4 },
        "end": { "line": 109, "column": 67 }
      },
      "37": {
        "start": { "line": 68, "column": 13 },
        "end": { "line": 68, "column": 25 }
      },
      "38": {
        "start": { "line": 115, "column": 30 },
        "end": { "line": 141, "column": 1 }
      },
      "39": {
        "start": { "line": 119, "column": 2 },
        "end": { "line": 140, "column": 3 }
      },
      "40": {
        "start": { "line": 120, "column": 4 },
        "end": { "line": 123, "column": 5 }
      },
      "41": {
        "start": { "line": 121, "column": 6 },
        "end": { "line": 121, "column": 58 }
      },
      "42": {
        "start": { "line": 122, "column": 6 },
        "end": { "line": 122, "column": 13 }
      },
      "43": {
        "start": { "line": 125, "column": 17 },
        "end": { "line": 125, "column": 69 }
      },
      "44": {
        "start": { "line": 127, "column": 4 },
        "end": { "line": 130, "column": 5 }
      },
      "45": {
        "start": { "line": 128, "column": 6 },
        "end": { "line": 128, "column": 58 }
      },
      "46": {
        "start": { "line": 129, "column": 6 },
        "end": { "line": 129, "column": 13 }
      },
      "47": {
        "start": { "line": 132, "column": 4 },
        "end": { "line": 136, "column": 7 }
      },
      "48": {
        "start": { "line": 138, "column": 4 },
        "end": { "line": 138, "column": 25 }
      },
      "49": {
        "start": { "line": 139, "column": 4 },
        "end": { "line": 139, "column": 68 }
      },
      "50": {
        "start": { "line": 115, "column": 13 },
        "end": { "line": 115, "column": 30 }
      }
    },
    "fnMap": {
      "0": {
        "name": "(anonymous_1)",
        "decl": {
          "start": { "line": 9, "column": 22 },
          "end": { "line": 9, "column": 23 }
        },
        "loc": {
          "start": { "line": 9, "column": 70 },
          "end": { "line": 15, "column": 1 }
        }
      },
      "1": {
        "name": "(anonymous_2)",
        "decl": {
          "start": { "line": 19, "column": 28 },
          "end": { "line": 19, "column": 33 }
        },
        "loc": {
          "start": { "line": 19, "column": 66 },
          "end": { "line": 64, "column": 1 }
        }
      },
      "2": {
        "name": "(anonymous_3)",
        "decl": {
          "start": { "line": 68, "column": 25 },
          "end": { "line": 68, "column": 30 }
        },
        "loc": {
          "start": { "line": 68, "column": 63 },
          "end": { "line": 111, "column": 1 }
        }
      },
      "3": {
        "name": "(anonymous_4)",
        "decl": {
          "start": { "line": 115, "column": 30 },
          "end": { "line": 115, "column": 35 }
        },
        "loc": {
          "start": { "line": 118, "column": 4 },
          "end": { "line": 141, "column": 1 }
        }
      }
    },
    "branchMap": {
      "0": {
        "loc": {
          "start": { "line": 12, "column": 4 },
          "end": { "line": 12, "column": 46 }
        },
        "type": "binary-expr",
        "locations": [
          {
            "start": { "line": 12, "column": 4 },
            "end": { "line": 12, "column": 26 }
          },
          {
            "start": { "line": 12, "column": 30 },
            "end": { "line": 12, "column": 46 }
          }
        ]
      },
      "1": {
        "loc": {
          "start": { "line": 28, "column": 4 },
          "end": { "line": 34, "column": 5 }
        },
        "type": "if",
        "locations": [
          {
            "start": { "line": 28, "column": 4 },
            "end": { "line": 34, "column": 5 }
          }
        ]
      },
      "2": {
        "loc": {
          "start": { "line": 31, "column": 15 },
          "end": { "line": 31, "column": 66 }
        },
        "type": "cond-expr",
        "locations": [
          {
            "start": { "line": 31, "column": 46 },
            "end": { "line": 31, "column": 53 }
          },
          {
            "start": { "line": 31, "column": 56 },
            "end": { "line": 31, "column": 66 }
          }
        ]
      },
      "3": {
        "loc": {
          "start": { "line": 75, "column": 4 },
          "end": { "line": 81, "column": 5 }
        },
        "type": "if",
        "locations": [
          {
            "start": { "line": 75, "column": 4 },
            "end": { "line": 81, "column": 5 }
          }
        ]
      },
      "4": {
        "loc": {
          "start": { "line": 86, "column": 4 },
          "end": { "line": 92, "column": 5 }
        },
        "type": "if",
        "locations": [
          {
            "start": { "line": 86, "column": 4 },
            "end": { "line": 92, "column": 5 }
          }
        ]
      },
      "5": {
        "loc": {
          "start": { "line": 120, "column": 4 },
          "end": { "line": 123, "column": 5 }
        },
        "type": "if",
        "locations": [
          {
            "start": { "line": 120, "column": 4 },
            "end": { "line": 123, "column": 5 }
          }
        ]
      },
      "6": {
        "loc": {
          "start": { "line": 120, "column": 8 },
          "end": { "line": 120, "column": 33 }
        },
        "type": "binary-expr",
        "locations": [
          {
            "start": { "line": 120, "column": 8 },
            "end": { "line": 120, "column": 17 }
          },
          {
            "start": { "line": 120, "column": 21 },
            "end": { "line": 120, "column": 33 }
          }
        ]
      },
      "7": {
        "loc": {
          "start": { "line": 127, "column": 4 },
          "end": { "line": 130, "column": 5 }
        },
        "type": "if",
        "locations": [
          {
            "start": { "line": 127, "column": 4 },
            "end": { "line": 130, "column": 5 }
          }
        ]
      }
    },
    "s": {
      "0": 0,
      "1": 0,
      "2": 0,
      "3": 0,
      "4": 0,
      "5": 0,
      "6": 0,
      "7": 0,
      "8": 0,
      "9": 0,
      "10": 0,
      "11": 0,
      "12": 0,
      "13": 0,
      "14": 0,
      "15": 0,
      "16": 0,
      "17": 0,
      "18": 0,
      "19": 0,
      "20": 0,
      "21": 0,
      "22": 0,
      "23": 0,
      "24": 0,
      "25": 0,
      "26": 0,
      "27": 0,
      "28": 0,
      "29": 0,
      "30": 0,
      "31": 0,
      "32": 0,
      "33": 0,
      "34": 0,
      "35": 0,
      "36": 0,
      "37": 0,
      "38": 0,
      "39": 0,
      "40": 0,
      "41": 0,
      "42": 0,
      "43": 0,
      "44": 0,
      "45": 0,
      "46": 0,
      "47": 0,
      "48": 0,
      "49": 0,
      "50": 0
    },
    "f": { "0": 0, "1": 0, "2": 0, "3": 0 },
    "b": {
      "0": [0, 0],
      "1": [0],
      "2": [0, 0],
      "3": [0],
      "4": [0],
      "5": [0],
      "6": [0, 0],
      "7": [0]
    }
  },
  "/Users/georgepapagapitos/Documents/programming/projects/hannahs-habits/habits-api/src/controllers/habit.controller.ts": {
    "path": "/Users/georgepapagapitos/Documents/programming/projects/hannahs-habits/habits-api/src/controllers/habit.controller.ts",
    "statementMap": {
      "0": {
        "start": { "line": 3, "column": 0 },
        "end": { "line": 3, "column": 46 }
      },
      "1": {
        "start": { "line": 5, "column": 0 },
        "end": { "line": 5, "column": 59 }
      },
      "2": {
        "start": { "line": 6, "column": 0 },
        "end": { "line": 6, "column": 42 }
      },
      "3": {
        "start": { "line": 16, "column": 2 },
        "end": { "line": 23, "column": 4 }
      },
      "4": {
        "start": { "line": 26, "column": 13 },
        "end": { "line": 378, "column": 2 }
      },
      "5": {
        "start": { "line": 32, "column": 4 },
        "end": { "line": 56, "column": 5 }
      },
      "6": {
        "start": { "line": 33, "column": 6 },
        "end": { "line": 39, "column": 7 }
      },
      "7": {
        "start": { "line": 34, "column": 8 },
        "end": { "line": 37, "column": 11 }
      },
      "8": {
        "start": { "line": 38, "column": 8 },
        "end": { "line": 38, "column": 15 }
      },
      "9": {
        "start": { "line": 41, "column": 21 },
        "end": { "line": 44, "column": 32 }
      },
      "10": {
        "start": { "line": 46, "column": 6 },
        "end": { "line": 50, "column": 9 }
      },
      "11": {
        "start": { "line": 52, "column": 6 },
        "end": { "line": 55, "column": 9 }
      },
      "12": {
        "start": { "line": 64, "column": 4 },
        "end": { "line": 101, "column": 5 }
      },
      "13": {
        "start": { "line": 65, "column": 6 },
        "end": { "line": 71, "column": 7 }
      },
      "14": {
        "start": { "line": 66, "column": 8 },
        "end": { "line": 69, "column": 11 }
      },
      "15": {
        "start": { "line": 70, "column": 8 },
        "end": { "line": 70, "column": 15 }
      },
      "16": {
        "start": { "line": 73, "column": 20 },
        "end": { "line": 73, "column": 55 }
      },
      "17": {
        "start": { "line": 75, "column": 6 },
        "end": { "line": 81, "column": 7 }
      },
      "18": {
        "start": { "line": 76, "column": 8 },
        "end": { "line": 79, "column": 11 }
      },
      "19": {
        "start": { "line": 80, "column": 8 },
        "end": { "line": 80, "column": 15 }
      },
      "20": {
        "start": { "line": 84, "column": 6 },
        "end": { "line": 90, "column": 7 }
      },
      "21": {
        "start": { "line": 85, "column": 8 },
        "end": { "line": 88, "column": 11 }
      },
      "22": {
        "start": { "line": 89, "column": 8 },
        "end": { "line": 89, "column": 15 }
      },
      "23": {
        "start": { "line": 92, "column": 6 },
        "end": { "line": 95, "column": 9 }
      },
      "24": {
        "start": { "line": 97, "column": 6 },
        "end": { "line": 100, "column": 9 }
      },
      "25": {
        "start": { "line": 109, "column": 4 },
        "end": { "line": 144, "column": 5 }
      },
      "26": {
        "start": { "line": 110, "column": 6 },
        "end": { "line": 116, "column": 7 }
      },
      "27": {
        "start": { "line": 111, "column": 8 },
        "end": { "line": 114, "column": 11 }
      },
      "28": {
        "start": { "line": 115, "column": 8 },
        "end": { "line": 115, "column": 15 }
      },
      "29": {
        "start": { "line": 118, "column": 35 },
        "end": { "line": 118, "column": 43 }
      },
      "30": {
        "start": { "line": 121, "column": 6 },
        "end": { "line": 121, "column": 37 }
      },
      "31": {
        "start": { "line": 123, "column": 20 },
        "end": { "line": 123, "column": 49 }
      },
      "32": {
        "start": { "line": 125, "column": 6 },
        "end": { "line": 128, "column": 9 }
      },
      "33": {
        "start": { "line": 130, "column": 6 },
        "end": { "line": 138, "column": 7 }
      },
      "34": {
        "start": { "line": 131, "column": 25 },
        "end": { "line": 131, "column": 78 }
      },
      "35": {
        "start": { "line": 131, "column": 66 },
        "end": { "line": 131, "column": 77 }
      },
      "36": {
        "start": { "line": 133, "column": 8 },
        "end": { "line": 136, "column": 11 }
      },
      "37": {
        "start": { "line": 137, "column": 8 },
        "end": { "line": 137, "column": 15 }
      },
      "38": {
        "start": { "line": 140, "column": 6 },
        "end": { "line": 143, "column": 9 }
      },
      "39": {
        "start": { "line": 152, "column": 4 },
        "end": { "line": 207, "column": 5 }
      },
      "40": {
        "start": { "line": 153, "column": 6 },
        "end": { "line": 159, "column": 7 }
      },
      "41": {
        "start": { "line": 154, "column": 8 },
        "end": { "line": 157, "column": 11 }
      },
      "42": {
        "start": { "line": 158, "column": 8 },
        "end": { "line": 158, "column": 15 }
      },
      "43": {
        "start": { "line": 161, "column": 44 },
        "end": { "line": 161, "column": 52 }
      },
      "44": {
        "start": { "line": 164, "column": 28 },
        "end": { "line": 164, "column": 63 }
      },
      "45": {
        "start": { "line": 166, "column": 6 },
        "end": { "line": 172, "column": 7 }
      },
      "46": {
        "start": { "line": 167, "column": 8 },
        "end": { "line": 170, "column": 11 }
      },
      "47": {
        "start": { "line": 171, "column": 8 },
        "end": { "line": 171, "column": 15 }
      },
      "48": {
        "start": { "line": 175, "column": 6 },
        "end": { "line": 181, "column": 7 }
      },
      "49": {
        "start": { "line": 176, "column": 8 },
        "end": { "line": 179, "column": 11 }
      },
      "50": {
        "start": { "line": 180, "column": 8 },
        "end": { "line": 180, "column": 15 }
      },
      "51": {
        "start": { "line": 183, "column": 20 },
        "end": { "line": 186, "column": 8 }
      },
      "52": {
        "start": { "line": 188, "column": 6 },
        "end": { "line": 191, "column": 9 }
      },
      "53": {
        "start": { "line": 193, "column": 6 },
        "end": { "line": 201, "column": 7 }
      },
      "54": {
        "start": { "line": 194, "column": 25 },
        "end": { "line": 194, "column": 78 }
      },
      "55": {
        "start": { "line": 194, "column": 66 },
        "end": { "line": 194, "column": 77 }
      },
      "56": {
        "start": { "line": 196, "column": 8 },
        "end": { "line": 199, "column": 11 }
      },
      "57": {
        "start": { "line": 200, "column": 8 },
        "end": { "line": 200, "column": 15 }
      },
      "58": {
        "start": { "line": 203, "column": 6 },
        "end": { "line": 206, "column": 9 }
      },
      "59": {
        "start": { "line": 215, "column": 4 },
        "end": { "line": 255, "column": 5 }
      },
      "60": {
        "start": { "line": 216, "column": 6 },
        "end": { "line": 222, "column": 7 }
      },
      "61": {
        "start": { "line": 217, "column": 8 },
        "end": { "line": 220, "column": 11 }
      },
      "62": {
        "start": { "line": 221, "column": 8 },
        "end": { "line": 221, "column": 15 }
      },
      "63": {
        "start": { "line": 224, "column": 20 },
        "end": { "line": 224, "column": 55 }
      },
      "64": {
        "start": { "line": 226, "column": 6 },
        "end": { "line": 232, "column": 7 }
      },
      "65": {
        "start": { "line": 227, "column": 8 },
        "end": { "line": 230, "column": 11 }
      },
      "66": {
        "start": { "line": 231, "column": 8 },
        "end": { "line": 231, "column": 15 }
      },
      "67": {
        "start": { "line": 235, "column": 6 },
        "end": { "line": 241, "column": 7 }
      },
      "68": {
        "start": { "line": 236, "column": 8 },
        "end": { "line": 239, "column": 11 }
      },
      "69": {
        "start": { "line": 240, "column": 8 },
        "end": { "line": 240, "column": 15 }
      },
      "70": {
        "start": { "line": 244, "column": 6 },
        "end": { "line": 244, "column": 70 }
      },
      "71": {
        "start": { "line": 246, "column": 6 },
        "end": { "line": 249, "column": 9 }
      },
      "72": {
        "start": { "line": 251, "column": 6 },
        "end": { "line": 254, "column": 9 }
      },
      "73": {
        "start": { "line": 263, "column": 4 },
        "end": { "line": 376, "column": 5 }
      },
      "74": {
        "start": { "line": 264, "column": 6 },
        "end": { "line": 270, "column": 7 }
      },
      "75": {
        "start": { "line": 265, "column": 8 },
        "end": { "line": 268, "column": 11 }
      },
      "76": {
        "start": { "line": 269, "column": 8 },
        "end": { "line": 269, "column": 15 }
      },
      "77": {
        "start": { "line": 272, "column": 33 },
        "end": { "line": 272, "column": 41 }
      },
      "78": {
        "start": { "line": 274, "column": 6 },
        "end": { "line": 276, "column": 8 }
      },
      "79": {
        "start": { "line": 278, "column": 6 },
        "end": { "line": 284, "column": 7 }
      },
      "80": {
        "start": { "line": 279, "column": 8 },
        "end": { "line": 282, "column": 11 }
      },
      "81": {
        "start": { "line": 283, "column": 8 },
        "end": { "line": 283, "column": 15 }
      },
      "82": {
        "start": { "line": 287, "column": 27 },
        "end": { "line": 287, "column": 44 }
      },
      "83": {
        "start": { "line": 289, "column": 6 },
        "end": { "line": 289, "column": 53 }
      },
      "84": {
        "start": { "line": 291, "column": 20 },
        "end": { "line": 291, "column": 55 }
      },
      "85": {
        "start": { "line": 293, "column": 6 },
        "end": { "line": 299, "column": 7 }
      },
      "86": {
        "start": { "line": 294, "column": 8 },
        "end": { "line": 297, "column": 11 }
      },
      "87": {
        "start": { "line": 298, "column": 8 },
        "end": { "line": 298, "column": 15 }
      },
      "88": {
        "start": { "line": 302, "column": 6 },
        "end": { "line": 308, "column": 7 }
      },
      "89": {
        "start": { "line": 303, "column": 8 },
        "end": { "line": 306, "column": 11 }
      },
      "90": {
        "start": { "line": 307, "column": 8 },
        "end": { "line": 307, "column": 15 }
      },
      "91": {
        "start": { "line": 311, "column": 25 },
        "end": { "line": 311, "column": 39 }
      },
      "92": {
        "start": { "line": 313, "column": 6 },
        "end": { "line": 313, "column": 62 }
      },
      "93": {
        "start": { "line": 317, "column": 27 },
        "end": { "line": 317, "column": 76 }
      },
      "94": {
        "start": { "line": 319, "column": 6 },
        "end": { "line": 321, "column": 8 }
      },
      "95": {
        "start": { "line": 322, "column": 6 },
        "end": { "line": 324, "column": 8 }
      },
      "96": {
        "start": { "line": 323, "column": 66 },
        "end": { "line": 323, "column": 91 }
      },
      "97": {
        "start": { "line": 327, "column": 26 },
        "end": { "line": 327, "column": 64 }
      },
      "98": {
        "start": { "line": 328, "column": 6 },
        "end": { "line": 328, "column": 67 }
      },
      "99": {
        "start": { "line": 330, "column": 6 },
        "end": { "line": 338, "column": 7 }
      },
      "100": {
        "start": { "line": 332, "column": 8 },
        "end": { "line": 334, "column": 11 }
      },
      "101": {
        "start": { "line": 333, "column": 10 },
        "end": { "line": 333, "column": 65 }
      },
      "102": {
        "start": { "line": 337, "column": 8 },
        "end": { "line": 337, "column": 48 }
      },
      "103": {
        "start": { "line": 341, "column": 6 },
        "end": { "line": 341, "column": 40 }
      },
      "104": {
        "start": { "line": 344, "column": 6 },
        "end": { "line": 366, "column": 7 }
      },
      "105": {
        "start": { "line": 345, "column": 27 },
        "end": { "line": 345, "column": 45 }
      },
      "106": {
        "start": { "line": 346, "column": 8 },
        "end": { "line": 348, "column": 10 }
      },
      "107": {
        "start": { "line": 349, "column": 8 },
        "end": { "line": 351, "column": 10 }
      },
      "108": {
        "start": { "line": 350, "column": 75 },
        "end": { "line": 350, "column": 100 }
      },
      "109": {
        "start": { "line": 353, "column": 8 },
        "end": { "line": 356, "column": 11 }
      },
      "110": {
        "start": { "line": 359, "column": 10 },
        "end": { "line": 359, "column": 76 }
      },
      "111": {
        "start": { "line": 360, "column": 8 },
        "end": { "line": 360, "column": 56 }
      },
      "112": {
        "start": { "line": 361, "column": 8 },
        "end": { "line": 365, "column": 11 }
      },
      "113": {
        "start": { "line": 369, "column": 8 },
        "end": { "line": 369, "column": 62 }
      },
      "114": {
        "start": { "line": 370, "column": 6 },
        "end": { "line": 370, "column": 55 }
      },
      "115": {
        "start": { "line": 371, "column": 6 },
        "end": { "line": 375, "column": 9 }
      }
    },
    "fnMap": {
      "0": {
        "name": "isValidationError",
        "decl": {
          "start": { "line": 15, "column": 9 },
          "end": { "line": 15, "column": 26 }
        },
        "loc": {
          "start": { "line": 15, "column": 41 },
          "end": { "line": 24, "column": 1 }
        }
      },
      "1": {
        "name": "(anonymous_1)",
        "decl": {
          "start": { "line": 28, "column": 16 },
          "end": { "line": 28, "column": 21 }
        },
        "loc": {
          "start": { "line": 31, "column": 21 },
          "end": { "line": 57, "column": 3 }
        }
      },
      "2": {
        "name": "(anonymous_2)",
        "decl": {
          "start": { "line": 60, "column": 16 },
          "end": { "line": 60, "column": 21 }
        },
        "loc": {
          "start": { "line": 63, "column": 21 },
          "end": { "line": 102, "column": 3 }
        }
      },
      "3": {
        "name": "(anonymous_3)",
        "decl": {
          "start": { "line": 105, "column": 15 },
          "end": { "line": 105, "column": 20 }
        },
        "loc": {
          "start": { "line": 108, "column": 21 },
          "end": { "line": 145, "column": 3 }
        }
      },
      "4": {
        "name": "(anonymous_4)",
        "decl": {
          "start": { "line": 131, "column": 57 },
          "end": { "line": 131, "column": 58 }
        },
        "loc": {
          "start": { "line": 131, "column": 66 },
          "end": { "line": 131, "column": 77 }
        }
      },
      "5": {
        "name": "(anonymous_5)",
        "decl": {
          "start": { "line": 148, "column": 15 },
          "end": { "line": 148, "column": 20 }
        },
        "loc": {
          "start": { "line": 151, "column": 21 },
          "end": { "line": 208, "column": 3 }
        }
      },
      "6": {
        "name": "(anonymous_6)",
        "decl": {
          "start": { "line": 194, "column": 57 },
          "end": { "line": 194, "column": 58 }
        },
        "loc": {
          "start": { "line": 194, "column": 66 },
          "end": { "line": 194, "column": 77 }
        }
      },
      "7": {
        "name": "(anonymous_7)",
        "decl": {
          "start": { "line": 211, "column": 15 },
          "end": { "line": 211, "column": 20 }
        },
        "loc": {
          "start": { "line": 214, "column": 21 },
          "end": { "line": 256, "column": 3 }
        }
      },
      "8": {
        "name": "(anonymous_8)",
        "decl": {
          "start": { "line": 259, "column": 20 },
          "end": { "line": 259, "column": 25 }
        },
        "loc": {
          "start": { "line": 262, "column": 21 },
          "end": { "line": 377, "column": 3 }
        }
      },
      "9": {
        "name": "(anonymous_9)",
        "decl": {
          "start": { "line": 323, "column": 59 },
          "end": { "line": 323, "column": 60 }
        },
        "loc": {
          "start": { "line": 323, "column": 66 },
          "end": { "line": 323, "column": 91 }
        }
      },
      "10": {
        "name": "(anonymous_10)",
        "decl": {
          "start": { "line": 332, "column": 59 },
          "end": { "line": 332, "column": 60 }
        },
        "loc": {
          "start": { "line": 332, "column": 71 },
          "end": { "line": 334, "column": 9 }
        }
      },
      "11": {
        "name": "(anonymous_11)",
        "decl": {
          "start": { "line": 350, "column": 68 },
          "end": { "line": 350, "column": 69 }
        },
        "loc": {
          "start": { "line": 350, "column": 75 },
          "end": { "line": 350, "column": 100 }
        }
      }
    },
    "branchMap": {
      "0": {
        "loc": {
          "start": { "line": 17, "column": 4 },
          "end": { "line": 22, "column": 57 }
        },
        "type": "binary-expr",
        "locations": [
          {
            "start": { "line": 17, "column": 4 },
            "end": { "line": 17, "column": 29 }
          },
          {
            "start": { "line": 18, "column": 4 },
            "end": { "line": 18, "column": 18 }
          },
          {
            "start": { "line": 19, "column": 4 },
            "end": { "line": 19, "column": 19 }
          },
          {
            "start": { "line": 20, "column": 5 },
            "end": { "line": 20, "column": 57 }
          },
          {
            "start": { "line": 21, "column": 4 },
            "end": { "line": 21, "column": 21 }
          },
          {
            "start": { "line": 22, "column": 4 },
            "end": { "line": 22, "column": 57 }
          }
        ]
      },
      "1": {
        "loc": {
          "start": { "line": 33, "column": 6 },
          "end": { "line": 39, "column": 7 }
        },
        "type": "if",
        "locations": [
          {
            "start": { "line": 33, "column": 6 },
            "end": { "line": 39, "column": 7 }
          }
        ]
      },
      "2": {
        "loc": {
          "start": { "line": 33, "column": 10 },
          "end": { "line": 33, "column": 35 }
        },
        "type": "binary-expr",
        "locations": [
          {
            "start": { "line": 33, "column": 10 },
            "end": { "line": 33, "column": 19 }
          },
          {
            "start": { "line": 33, "column": 23 },
            "end": { "line": 33, "column": 35 }
          }
        ]
      },
      "3": {
        "loc": {
          "start": { "line": 65, "column": 6 },
          "end": { "line": 71, "column": 7 }
        },
        "type": "if",
        "locations": [
          {
            "start": { "line": 65, "column": 6 },
            "end": { "line": 71, "column": 7 }
          }
        ]
      },
      "4": {
        "loc": {
          "start": { "line": 65, "column": 10 },
          "end": { "line": 65, "column": 35 }
        },
        "type": "binary-expr",
        "locations": [
          {
            "start": { "line": 65, "column": 10 },
            "end": { "line": 65, "column": 19 }
          },
          {
            "start": { "line": 65, "column": 23 },
            "end": { "line": 65, "column": 35 }
          }
        ]
      },
      "5": {
        "loc": {
          "start": { "line": 75, "column": 6 },
          "end": { "line": 81, "column": 7 }
        },
        "type": "if",
        "locations": [
          {
            "start": { "line": 75, "column": 6 },
            "end": { "line": 81, "column": 7 }
          }
        ]
      },
      "6": {
        "loc": {
          "start": { "line": 84, "column": 6 },
          "end": { "line": 90, "column": 7 }
        },
        "type": "if",
        "locations": [
          {
            "start": { "line": 84, "column": 6 },
            "end": { "line": 90, "column": 7 }
          }
        ]
      },
      "7": {
        "loc": {
          "start": { "line": 110, "column": 6 },
          "end": { "line": 116, "column": 7 }
        },
        "type": "if",
        "locations": [
          {
            "start": { "line": 110, "column": 6 },
            "end": { "line": 116, "column": 7 }
          }
        ]
      },
      "8": {
        "loc": {
          "start": { "line": 110, "column": 10 },
          "end": { "line": 110, "column": 35 }
        },
        "type": "binary-expr",
        "locations": [
          {
            "start": { "line": 110, "column": 10 },
            "end": { "line": 110, "column": 19 }
          },
          {
            "start": { "line": 110, "column": 23 },
            "end": { "line": 110, "column": 35 }
          }
        ]
      },
      "9": {
        "loc": {
          "start": { "line": 130, "column": 6 },
          "end": { "line": 138, "column": 7 }
        },
        "type": "if",
        "locations": [
          {
            "start": { "line": 130, "column": 6 },
            "end": { "line": 138, "column": 7 }
          }
        ]
      },
      "10": {
        "loc": {
          "start": { "line": 153, "column": 6 },
          "end": { "line": 159, "column": 7 }
        },
        "type": "if",
        "locations": [
          {
            "start": { "line": 153, "column": 6 },
            "end": { "line": 159, "column": 7 }
          }
        ]
      },
      "11": {
        "loc": {
          "start": { "line": 153, "column": 10 },
          "end": { "line": 153, "column": 35 }
        },
        "type": "binary-expr",
        "locations": [
          {
            "start": { "line": 153, "column": 10 },
            "end": { "line": 153, "column": 19 }
          },
          {
            "start": { "line": 153, "column": 23 },
            "end": { "line": 153, "column": 35 }
          }
        ]
      },
      "12": {
        "loc": {
          "start": { "line": 166, "column": 6 },
          "end": { "line": 172, "column": 7 }
        },
        "type": "if",
        "locations": [
          {
            "start": { "line": 166, "column": 6 },
            "end": { "line": 172, "column": 7 }
          }
        ]
      },
      "13": {
        "loc": {
          "start": { "line": 175, "column": 6 },
          "end": { "line": 181, "column": 7 }
        },
        "type": "if",
        "locations": [
          {
            "start": { "line": 175, "column": 6 },
            "end": { "line": 181, "column": 7 }
          }
        ]
      },
      "14": {
        "loc": {
          "start": { "line": 193, "column": 6 },
          "end": { "line": 201, "column": 7 }
        },
        "type": "if",
        "locations": [
          {
            "start": { "line": 193, "column": 6 },
            "end": { "line": 201, "column": 7 }
          }
        ]
      },
      "15": {
        "loc": {
          "start": { "line": 216, "column": 6 },
          "end": { "line": 222, "column": 7 }
        },
        "type": "if",
        "locations": [
          {
            "start": { "line": 216, "column": 6 },
            "end": { "line": 222, "column": 7 }
          }
        ]
      },
      "16": {
        "loc": {
          "start": { "line": 216, "column": 10 },
          "end": { "line": 216, "column": 35 }
        },
        "type": "binary-expr",
        "locations": [
          {
            "start": { "line": 216, "column": 10 },
            "end": { "line": 216, "column": 19 }
          },
          {
            "start": { "line": 216, "column": 23 },
            "end": { "line": 216, "column": 35 }
          }
        ]
      },
      "17": {
        "loc": {
          "start": { "line": 226, "column": 6 },
          "end": { "line": 232, "column": 7 }
        },
        "type": "if",
        "locations": [
          {
            "start": { "line": 226, "column": 6 },
            "end": { "line": 232, "column": 7 }
          }
        ]
      },
      "18": {
        "loc": {
          "start": { "line": 235, "column": 6 },
          "end": { "line": 241, "column": 7 }
        },
        "type": "if",
        "locations": [
          {
            "start": { "line": 235, "column": 6 },
            "end": { "line": 241, "column": 7 }
          }
        ]
      },
      "19": {
        "loc": {
          "start": { "line": 264, "column": 6 },
          "end": { "line": 270, "column": 7 }
        },
        "type": "if",
        "locations": [
          {
            "start": { "line": 264, "column": 6 },
            "end": { "line": 270, "column": 7 }
          }
        ]
      },
      "20": {
        "loc": {
          "start": { "line": 264, "column": 10 },
          "end": { "line": 264, "column": 35 }
        },
        "type": "binary-expr",
        "locations": [
          {
            "start": { "line": 264, "column": 10 },
            "end": { "line": 264, "column": 19 }
          },
          {
            "start": { "line": 264, "column": 23 },
            "end": { "line": 264, "column": 35 }
          }
        ]
      },
      "21": {
        "loc": {
          "start": { "line": 278, "column": 6 },
          "end": { "line": 284, "column": 7 }
        },
        "type": "if",
        "locations": [
          {
            "start": { "line": 278, "column": 6 },
            "end": { "line": 284, "column": 7 }
          }
        ]
      },
      "22": {
        "loc": {
          "start": { "line": 287, "column": 27 },
          "end": { "line": 287, "column": 44 }
        },
        "type": "binary-expr",
        "locations": [
          {
            "start": { "line": 287, "column": 27 },
            "end": { "line": 287, "column": 35 }
          },
          {
            "start": { "line": 287, "column": 39 },
            "end": { "line": 287, "column": 44 }
          }
        ]
      },
      "23": {
        "loc": {
          "start": { "line": 293, "column": 6 },
          "end": { "line": 299, "column": 7 }
        },
        "type": "if",
        "locations": [
          {
            "start": { "line": 293, "column": 6 },
            "end": { "line": 299, "column": 7 }
          }
        ]
      },
      "24": {
        "loc": {
          "start": { "line": 302, "column": 6 },
          "end": { "line": 308, "column": 7 }
        },
        "type": "if",
        "locations": [
          {
            "start": { "line": 302, "column": 6 },
            "end": { "line": 308, "column": 7 }
          }
        ]
      },
      "25": {
        "loc": {
          "start": { "line": 330, "column": 6 },
          "end": { "line": 338, "column": 7 }
        },
        "type": "if",
        "locations": [
          {
            "start": { "line": 330, "column": 6 },
            "end": { "line": 338, "column": 7 }
          },
          {
            "start": { "line": 335, "column": 13 },
            "end": { "line": 338, "column": 7 }
          }
        ]
      },
      "26": {
        "loc": {
          "start": { "line": 359, "column": 10 },
          "end": { "line": 359, "column": 76 }
        },
        "type": "cond-expr",
        "locations": [
          {
            "start": { "line": 359, "column": 39 },
            "end": { "line": 359, "column": 56 }
          },
          {
            "start": { "line": 359, "column": 59 },
            "end": { "line": 359, "column": 76 }
          }
        ]
      },
      "27": {
        "loc": {
          "start": { "line": 369, "column": 8 },
          "end": { "line": 369, "column": 62 }
        },
        "type": "cond-expr",
        "locations": [
          {
            "start": { "line": 369, "column": 33 },
            "end": { "line": 369, "column": 46 }
          },
          {
            "start": { "line": 369, "column": 49 },
            "end": { "line": 369, "column": 62 }
          }
        ]
      }
    },
    "s": {
      "0": 1,
      "1": 1,
      "2": 1,
      "3": 0,
      "4": 1,
      "5": 3,
      "6": 3,
      "7": 1,
      "8": 1,
      "9": 2,
      "10": 1,
      "11": 1,
      "12": 0,
      "13": 0,
      "14": 0,
      "15": 0,
      "16": 0,
      "17": 0,
      "18": 0,
      "19": 0,
      "20": 0,
      "21": 0,
      "22": 0,
      "23": 0,
      "24": 0,
      "25": 0,
      "26": 0,
      "27": 0,
      "28": 0,
      "29": 0,
      "30": 0,
      "31": 0,
      "32": 0,
      "33": 0,
      "34": 0,
      "35": 0,
      "36": 0,
      "37": 0,
      "38": 0,
      "39": 0,
      "40": 0,
      "41": 0,
      "42": 0,
      "43": 0,
      "44": 0,
      "45": 0,
      "46": 0,
      "47": 0,
      "48": 0,
      "49": 0,
      "50": 0,
      "51": 0,
      "52": 0,
      "53": 0,
      "54": 0,
      "55": 0,
      "56": 0,
      "57": 0,
      "58": 0,
      "59": 0,
      "60": 0,
      "61": 0,
      "62": 0,
      "63": 0,
      "64": 0,
      "65": 0,
      "66": 0,
      "67": 0,
      "68": 0,
      "69": 0,
      "70": 0,
      "71": 0,
      "72": 0,
      "73": 7,
      "74": 7,
      "75": 1,
      "76": 1,
      "77": 6,
      "78": 6,
      "79": 6,
      "80": 1,
      "81": 1,
      "82": 5,
      "83": 5,
      "84": 5,
      "85": 5,
      "86": 1,
      "87": 1,
      "88": 4,
      "89": 1,
      "90": 1,
      "91": 3,
      "92": 3,
      "93": 3,
      "94": 3,
      "95": 3,
      "96": 2,
      "97": 3,
      "98": 3,
      "99": 3,
      "100": 1,
      "101": 2,
      "102": 2,
      "103": 3,
      "104": 3,
      "105": 3,
      "106": 2,
      "107": 2,
      "108": 2,
      "109": 2,
      "110": 1,
      "111": 1,
      "112": 1,
      "113": 0,
      "114": 0,
      "115": 0
    },
    "f": {
      "0": 0,
      "1": 3,
      "2": 0,
      "3": 0,
      "4": 0,
      "5": 0,
      "6": 0,
      "7": 0,
      "8": 7,
      "9": 2,
      "10": 2,
      "11": 2
    },
    "b": {
      "0": [0, 0, 0, 0, 0, 0],
      "1": [1],
      "2": [3, 2],
      "3": [0],
      "4": [0, 0],
      "5": [0],
      "6": [0],
      "7": [0],
      "8": [0, 0],
      "9": [0],
      "10": [0],
      "11": [0, 0],
      "12": [0],
      "13": [0],
      "14": [0],
      "15": [0],
      "16": [0, 0],
      "17": [0],
      "18": [0],
      "19": [1],
      "20": [7, 6],
      "21": [1],
      "22": [5, 0],
      "23": [1],
      "24": [1],
      "25": [1, 2],
      "26": [1, 0],
      "27": [0, 0]
    }
  },
  "/Users/georgepapagapitos/Documents/programming/projects/hannahs-habits/habits-api/src/middleware/auth.middleware.ts": {
    "path": "/Users/georgepapagapitos/Documents/programming/projects/hannahs-habits/habits-api/src/middleware/auth.middleware.ts",
    "statementMap": {
      "0": {
        "start": { "line": 2, "column": 0 },
        "end": { "line": 2, "column": 31 }
      },
      "1": {
        "start": { "line": 3, "column": 0 },
        "end": { "line": 3, "column": 44 }
      },
      "2": {
        "start": { "line": 13, "column": 39 },
        "end": { "line": 64, "column": 1 }
      },
      "3": {
        "start": { "line": 21, "column": 2 },
        "end": { "line": 57, "column": 3 }
      },
      "4": {
        "start": { "line": 25, "column": 4 },
        "end": { "line": 56, "column": 5 }
      },
      "5": {
        "start": { "line": 27, "column": 6 },
        "end": { "line": 27, "column": 54 }
      },
      "6": {
        "start": { "line": 30, "column": 22 },
        "end": { "line": 32, "column": null }
      },
      "7": {
        "start": { "line": 36, "column": 19 },
        "end": { "line": 36, "column": 70 }
      },
      "8": {
        "start": { "line": 38, "column": 6 },
        "end": { "line": 41, "column": 7 }
      },
      "9": {
        "start": { "line": 39, "column": 8 },
        "end": { "line": 39, "column": 76 }
      },
      "10": {
        "start": { "line": 40, "column": 8 },
        "end": { "line": 40, "column": 15 }
      },
      "11": {
        "start": { "line": 44, "column": 6 },
        "end": { "line": 48, "column": 8 }
      },
      "12": {
        "start": { "line": 50, "column": 6 },
        "end": { "line": 50, "column": 13 }
      },
      "13": {
        "start": { "line": 51, "column": 6 },
        "end": { "line": 51, "column": 13 }
      },
      "14": {
        "start": { "line": 53, "column": 6 },
        "end": { "line": 53, "column": 27 }
      },
      "15": {
        "start": { "line": 54, "column": 6 },
        "end": { "line": 54, "column": 72 }
      },
      "16": {
        "start": { "line": 55, "column": 6 },
        "end": { "line": 55, "column": 13 }
      },
      "17": {
        "start": { "line": 60, "column": 2 },
        "end": { "line": 63, "column": 3 }
      },
      "18": {
        "start": { "line": 61, "column": 4 },
        "end": { "line": 61, "column": 66 }
      },
      "19": {
        "start": { "line": 62, "column": 4 },
        "end": { "line": 62, "column": 11 }
      },
      "20": {
        "start": { "line": 13, "column": 13 },
        "end": { "line": 13, "column": 39 }
      }
    },
    "fnMap": {
      "0": {
        "name": "(anonymous_1)",
        "decl": {
          "start": { "line": 13, "column": 39 },
          "end": { "line": 13, "column": 44 }
        },
        "loc": {
          "start": { "line": 17, "column": 4 },
          "end": { "line": 64, "column": 1 }
        }
      }
    },
    "branchMap": {
      "0": {
        "loc": {
          "start": { "line": 21, "column": 2 },
          "end": { "line": 57, "column": 3 }
        },
        "type": "if",
        "locations": [
          {
            "start": { "line": 21, "column": 2 },
            "end": { "line": 57, "column": 3 }
          }
        ]
      },
      "1": {
        "loc": {
          "start": { "line": 22, "column": 4 },
          "end": { "line": 23, "column": 50 }
        },
        "type": "binary-expr",
        "locations": [
          {
            "start": { "line": 22, "column": 4 },
            "end": { "line": 22, "column": 29 }
          },
          {
            "start": { "line": 23, "column": 4 },
            "end": { "line": 23, "column": 50 }
          }
        ]
      },
      "2": {
        "loc": {
          "start": { "line": 32, "column": 8 },
          "end": { "line": 32, "column": 50 }
        },
        "type": "binary-expr",
        "locations": [
          {
            "start": { "line": 32, "column": 8 },
            "end": { "line": 32, "column": 30 }
          },
          {
            "start": { "line": 32, "column": 34 },
            "end": { "line": 32, "column": 50 }
          }
        ]
      },
      "3": {
        "loc": {
          "start": { "line": 38, "column": 6 },
          "end": { "line": 41, "column": 7 }
        },
        "type": "if",
        "locations": [
          {
            "start": { "line": 38, "column": 6 },
            "end": { "line": 41, "column": 7 }
          }
        ]
      },
      "4": {
        "loc": {
          "start": { "line": 60, "column": 2 },
          "end": { "line": 63, "column": 3 }
        },
        "type": "if",
        "locations": [
          {
            "start": { "line": 60, "column": 2 },
            "end": { "line": 63, "column": 3 }
          }
        ]
      }
    },
    "s": {
      "0": 1,
      "1": 1,
      "2": 1,
      "3": 3,
      "4": 2,
      "5": 2,
      "6": 2,
      "7": 1,
      "8": 1,
      "9": 0,
      "10": 0,
      "11": 1,
      "12": 1,
      "13": 1,
      "14": 1,
      "15": 1,
      "16": 1,
      "17": 1,
      "18": 1,
      "19": 1,
      "20": 1
    },
    "f": { "0": 3 },
    "b": { "0": [2], "1": [3, 2], "2": [2, 0], "3": [0], "4": [1] }
  },
  "/Users/georgepapagapitos/Documents/programming/projects/hannahs-habits/habits-api/src/middleware/auth.validation.ts": {
    "path": "/Users/georgepapagapitos/Documents/programming/projects/hannahs-habits/habits-api/src/middleware/auth.validation.ts",
    "statementMap": {
      "0": {
        "start": { "line": 2, "column": 0 },
        "end": { "line": 2, "column": 22 }
      },
      "1": {
        "start": { "line": 5, "column": 32 },
        "end": { "line": 37, "column": 1 }
      },
      "2": {
        "start": { "line": 10, "column": 17 },
        "end": { "line": 24, "column": 4 }
      },
      "3": {
        "start": { "line": 26, "column": 20 },
        "end": { "line": 26, "column": 60 }
      },
      "4": {
        "start": { "line": 28, "column": 2 },
        "end": { "line": 34, "column": 3 }
      },
      "5": {
        "start": { "line": 29, "column": 4 },
        "end": { "line": 32, "column": 7 }
      },
      "6": {
        "start": { "line": 33, "column": 4 },
        "end": { "line": 33, "column": 11 }
      },
      "7": {
        "start": { "line": 36, "column": 2 },
        "end": { "line": 36, "column": 9 }
      },
      "8": {
        "start": { "line": 5, "column": 13 },
        "end": { "line": 5, "column": 32 }
      },
      "9": {
        "start": { "line": 39, "column": 29 },
        "end": { "line": 65, "column": 1 }
      },
      "10": {
        "start": { "line": 44, "column": 17 },
        "end": { "line": 52, "column": 4 }
      },
      "11": {
        "start": { "line": 54, "column": 20 },
        "end": { "line": 54, "column": 61 }
      },
      "12": {
        "start": { "line": 56, "column": 2 },
        "end": { "line": 62, "column": 3 }
      },
      "13": {
        "start": { "line": 57, "column": 4 },
        "end": { "line": 60, "column": 7 }
      },
      "14": {
        "start": { "line": 61, "column": 4 },
        "end": { "line": 61, "column": 11 }
      },
      "15": {
        "start": { "line": 64, "column": 2 },
        "end": { "line": 64, "column": 9 }
      },
      "16": {
        "start": { "line": 39, "column": 13 },
        "end": { "line": 39, "column": 29 }
      }
    },
    "fnMap": {
      "0": {
        "name": "(anonymous_1)",
        "decl": {
          "start": { "line": 5, "column": 32 },
          "end": { "line": 5, "column": null }
        },
        "loc": {
          "start": { "line": 9, "column": 4 },
          "end": { "line": 37, "column": 1 }
        }
      },
      "1": {
        "name": "(anonymous_2)",
        "decl": {
          "start": { "line": 39, "column": 29 },
          "end": { "line": 39, "column": null }
        },
        "loc": {
          "start": { "line": 43, "column": 4 },
          "end": { "line": 65, "column": 1 }
        }
      }
    },
    "branchMap": {
      "0": {
        "loc": {
          "start": { "line": 28, "column": 2 },
          "end": { "line": 34, "column": 3 }
        },
        "type": "if",
        "locations": [
          {
            "start": { "line": 28, "column": 2 },
            "end": { "line": 34, "column": 3 }
          }
        ]
      },
      "1": {
        "loc": {
          "start": { "line": 56, "column": 2 },
          "end": { "line": 62, "column": 3 }
        },
        "type": "if",
        "locations": [
          {
            "start": { "line": 56, "column": 2 },
            "end": { "line": 62, "column": 3 }
          }
        ]
      }
    },
    "s": {
      "0": 0,
      "1": 0,
      "2": 0,
      "3": 0,
      "4": 0,
      "5": 0,
      "6": 0,
      "7": 0,
      "8": 0,
      "9": 0,
      "10": 0,
      "11": 0,
      "12": 0,
      "13": 0,
      "14": 0,
      "15": 0,
      "16": 0
    },
    "f": { "0": 0, "1": 0 },
    "b": { "0": [0], "1": [0] }
  },
  "/Users/georgepapagapitos/Documents/programming/projects/hannahs-habits/habits-api/src/middleware/error.middleware.ts": {
    "path": "/Users/georgepapagapitos/Documents/programming/projects/hannahs-habits/habits-api/src/middleware/error.middleware.ts",
    "statementMap": {
      "0": {
        "start": { "line": 10, "column": 4 },
        "end": { "line": 10, "column": 19 }
      },
      "1": {
        "start": { "line": 11, "column": 4 },
        "end": { "line": 11, "column": 33 }
      },
      "2": {
        "start": { "line": 12, "column": 4 },
        "end": { "line": 12, "column": 69 }
      },
      "3": {
        "start": { "line": 13, "column": 4 },
        "end": { "line": 13, "column": 30 }
      },
      "4": {
        "start": { "line": 15, "column": 4 },
        "end": { "line": 15, "column": 52 }
      },
      "5": {
        "start": { "line": 4, "column": 0 },
        "end": { "line": 4, "column": 13 }
      },
      "6": {
        "start": { "line": 20, "column": 28 },
        "end": { "line": 53, "column": 1 }
      },
      "7": {
        "start": { "line": 28, "column": 19 },
        "end": { "line": 28, "column": 22 }
      },
      "8": {
        "start": { "line": 29, "column": 16 },
        "end": { "line": 29, "column": 38 }
      },
      "9": {
        "start": { "line": 30, "column": 15 },
        "end": { "line": 30, "column": 22 }
      },
      "10": {
        "start": { "line": 31, "column": 16 },
        "end": { "line": 31, "column": 70 }
      },
      "11": {
        "start": { "line": 34, "column": 2 },
        "end": { "line": 46, "column": 3 }
      },
      "12": {
        "start": { "line": 35, "column": 4 },
        "end": { "line": 35, "column": 32 }
      },
      "13": {
        "start": { "line": 36, "column": 4 },
        "end": { "line": 36, "column": 26 }
      },
      "14": {
        "start": { "line": 37, "column": 4 },
        "end": { "line": 37, "column": 24 }
      },
      "15": {
        "start": { "line": 38, "column": 9 },
        "end": { "line": 46, "column": 3 }
      },
      "16": {
        "start": { "line": 39, "column": 4 },
        "end": { "line": 39, "column": 21 }
      },
      "17": {
        "start": { "line": 40, "column": 4 },
        "end": { "line": 40, "column": 26 }
      },
      "18": {
        "start": { "line": 41, "column": 4 },
        "end": { "line": 41, "column": 20 }
      },
      "19": {
        "start": { "line": 42, "column": 9 },
        "end": { "line": 46, "column": 3 }
      },
      "20": {
        "start": { "line": 43, "column": 4 },
        "end": { "line": 43, "column": 21 }
      },
      "21": {
        "start": { "line": 44, "column": 4 },
        "end": { "line": 44, "column": 34 }
      },
      "22": {
        "start": { "line": 45, "column": 4 },
        "end": { "line": 45, "column": 20 }
      },
      "23": {
        "start": { "line": 48, "column": 2 },
        "end": { "line": 52, "column": 5 }
      },
      "24": {
        "start": { "line": 20, "column": 13 },
        "end": { "line": 20, "column": 28 }
      },
      "25": {
        "start": { "line": 56, "column": 31 },
        "end": { "line": 66, "column": 1 }
      },
      "26": {
        "start": { "line": 61, "column": 16 },
        "end": { "line": 63, "column": null }
      },
      "27": {
        "start": { "line": 65, "column": 2 },
        "end": { "line": 65, "column": 14 }
      },
      "28": {
        "start": { "line": 56, "column": 13 },
        "end": { "line": 56, "column": 31 }
      }
    },
    "fnMap": {
      "0": {
        "name": "(anonymous_0)",
        "decl": {
          "start": { "line": 9, "column": 2 },
          "end": { "line": 9, "column": 14 }
        },
        "loc": {
          "start": { "line": 9, "column": 49 },
          "end": { "line": 16, "column": 3 }
        }
      },
      "1": {
        "name": "(anonymous_1)",
        "decl": {
          "start": { "line": 20, "column": 28 },
          "end": { "line": 20, "column": null }
        },
        "loc": {
          "start": { "line": 26, "column": 10 },
          "end": { "line": 53, "column": 1 }
        }
      },
      "2": {
        "name": "(anonymous_2)",
        "decl": {
          "start": { "line": 56, "column": 31 },
          "end": { "line": 56, "column": null }
        },
        "loc": {
          "start": { "line": 60, "column": 10 },
          "end": { "line": 66, "column": 1 }
        }
      }
    },
    "branchMap": {
      "0": {
        "loc": {
          "start": { "line": 12, "column": 18 },
          "end": { "line": 12, "column": 68 }
        },
        "type": "cond-expr",
        "locations": [
          {
            "start": { "line": 12, "column": 52 },
            "end": { "line": 12, "column": 58 }
          },
          {
            "start": { "line": 12, "column": 61 },
            "end": { "line": 12, "column": 68 }
          }
        ]
      },
      "1": {
        "loc": {
          "start": { "line": 31, "column": 16 },
          "end": { "line": 31, "column": 70 }
        },
        "type": "cond-expr",
        "locations": [
          {
            "start": { "line": 31, "column": 56 },
            "end": { "line": 31, "column": 58 }
          },
          {
            "start": { "line": 31, "column": 61 },
            "end": { "line": 31, "column": 70 }
          }
        ]
      },
      "2": {
        "loc": {
          "start": { "line": 34, "column": 2 },
          "end": { "line": 46, "column": 3 }
        },
        "type": "if",
        "locations": [
          {
            "start": { "line": 34, "column": 2 },
            "end": { "line": 46, "column": 3 }
          },
          {
            "start": { "line": 38, "column": 9 },
            "end": { "line": 46, "column": 3 }
          }
        ]
      },
      "3": {
        "loc": {
          "start": { "line": 38, "column": 9 },
          "end": { "line": 46, "column": 3 }
        },
        "type": "if",
        "locations": [
          {
            "start": { "line": 38, "column": 9 },
            "end": { "line": 46, "column": 3 }
          },
          {
            "start": { "line": 42, "column": 9 },
            "end": { "line": 46, "column": 3 }
          }
        ]
      },
      "4": {
        "loc": {
          "start": { "line": 42, "column": 9 },
          "end": { "line": 46, "column": 3 }
        },
        "type": "if",
        "locations": [
          {
            "start": { "line": 42, "column": 9 },
            "end": { "line": 46, "column": 3 }
          }
        ]
      },
      "5": {
        "loc": {
          "start": { "line": 51, "column": 8 },
          "end": { "line": 51, "column": 59 }
        },
        "type": "binary-expr",
        "locations": [
          {
            "start": { "line": 51, "column": 8 },
            "end": { "line": 51, "column": 46 }
          },
          {
            "start": { "line": 51, "column": 50 },
            "end": { "line": 51, "column": 59 }
          }
        ]
      }
    },
    "s": {
      "0": 0,
      "1": 0,
      "2": 0,
      "3": 0,
      "4": 0,
      "5": 0,
      "6": 0,
      "7": 0,
      "8": 0,
      "9": 0,
      "10": 0,
      "11": 0,
      "12": 0,
      "13": 0,
      "14": 0,
      "15": 0,
      "16": 0,
      "17": 0,
      "18": 0,
      "19": 0,
      "20": 0,
      "21": 0,
      "22": 0,
      "23": 0,
      "24": 0,
      "25": 0,
      "26": 0,
      "27": 0,
      "28": 0
    },
    "f": { "0": 0, "1": 0, "2": 0 },
    "b": {
      "0": [0, 0],
      "1": [0, 0],
      "2": [0, 0],
      "3": [0, 0],
      "4": [0],
      "5": [0, 0]
    }
  },
  "/Users/georgepapagapitos/Documents/programming/projects/hannahs-habits/habits-api/src/models/habit.model.ts": {
    "path": "/Users/georgepapagapitos/Documents/programming/projects/hannahs-habits/habits-api/src/models/habit.model.ts",
    "statementMap": {
      "0": {
        "start": { "line": 1, "column": 0 },
        "end": { "line": 1, "column": 44 }
      },
      "1": {
        "start": { "line": 3, "column": 0 },
        "end": { "line": 3, "column": 66 }
      },
      "2": {
        "start": { "line": 4, "column": 0 },
        "end": { "line": 4, "column": 42 }
      },
      "3": {
        "start": { "line": 6, "column": 20 },
        "end": { "line": 79, "column": null }
      },
      "4": {
        "start": { "line": 32, "column": 28 },
        "end": { "line": 40, "column": 12 }
      },
      "5": {
        "start": { "line": 41, "column": 10 },
        "end": { "line": 41, "column": 77 }
      },
      "6": {
        "start": { "line": 41, "column": 38 },
        "end": { "line": 41, "column": 75 }
      },
      "7": {
        "start": { "line": 83, "column": 0 },
        "end": { "line": 83, "column": 33 }
      },
      "8": {
        "start": { "line": 84, "column": 0 },
        "end": { "line": 84, "column": 33 }
      },
      "9": {
        "start": { "line": 87, "column": 0 },
        "end": { "line": 119, "column": 2 }
      },
      "10": {
        "start": { "line": 92, "column": 2 },
        "end": { "line": 94, "column": 4 }
      },
      "11": {
        "start": { "line": 96, "column": 2 },
        "end": { "line": 103, "column": 3 }
      },
      "12": {
        "start": { "line": 101, "column": 4 },
        "end": { "line": 101, "column": 55 }
      },
      "13": {
        "start": { "line": 102, "column": 4 },
        "end": { "line": 102, "column": 17 }
      },
      "14": {
        "start": { "line": 107, "column": 22 },
        "end": { "line": 115, "column": 4 }
      },
      "15": {
        "start": { "line": 108, "column": 21 },
        "end": { "line": 108, "column": 44 }
      },
      "16": {
        "start": { "line": 109, "column": 22 },
        "end": { "line": 109, "column": 36 }
      },
      "17": {
        "start": { "line": 110, "column": 19 },
        "end": { "line": 110, "column": 49 }
      },
      "18": {
        "start": { "line": 111, "column": 4 },
        "end": { "line": 113, "column": 6 }
      },
      "19": {
        "start": { "line": 114, "column": 4 },
        "end": { "line": 114, "column": 18 }
      },
      "20": {
        "start": { "line": 117, "column": 2 },
        "end": { "line": 117, "column": 46 }
      },
      "21": {
        "start": { "line": 118, "column": 2 },
        "end": { "line": 118, "column": 21 }
      },
      "22": {
        "start": { "line": 122, "column": 0 },
        "end": { "line": 262, "column": 3 }
      },
      "23": {
        "start": { "line": 123, "column": 2 },
        "end": { "line": 260, "column": 3 }
      },
      "24": {
        "start": { "line": 128, "column": 21 },
        "end": { "line": 128, "column": 47 }
      },
      "25": {
        "start": { "line": 131, "column": 4 },
        "end": { "line": 133, "column": 6 }
      },
      "26": {
        "start": { "line": 134, "column": 4 },
        "end": { "line": 134, "column": 50 }
      },
      "27": {
        "start": { "line": 135, "column": 4 },
        "end": { "line": 135, "column": 72 }
      },
      "28": {
        "start": { "line": 138, "column": 4 },
        "end": { "line": 146, "column": 5 }
      },
      "29": {
        "start": { "line": 143, "column": 6 },
        "end": { "line": 143, "column": 61 }
      },
      "30": {
        "start": { "line": 144, "column": 6 },
        "end": { "line": 144, "column": 22 }
      },
      "31": {
        "start": { "line": 145, "column": 6 },
        "end": { "line": 145, "column": 20 }
      },
      "32": {
        "start": { "line": 149, "column": 23 },
        "end": { "line": 157, "column": 6 }
      },
      "33": {
        "start": { "line": 160, "column": 29 },
        "end": { "line": 163, "column": 28 }
      },
      "34": {
        "start": { "line": 161, "column": 20 },
        "end": { "line": 161, "column": 57 }
      },
      "35": {
        "start": { "line": 162, "column": 25 },
        "end": { "line": 162, "column": 37 }
      },
      "36": {
        "start": { "line": 163, "column": 22 },
        "end": { "line": 163, "column": 27 }
      },
      "37": {
        "start": { "line": 165, "column": 4 },
        "end": { "line": 165, "column": 69 }
      },
      "38": {
        "start": { "line": 168, "column": 16 },
        "end": { "line": 168, "column": 26 }
      },
      "39": {
        "start": { "line": 169, "column": 4 },
        "end": { "line": 169, "column": 47 }
      },
      "40": {
        "start": { "line": 171, "column": 26 },
        "end": { "line": 171, "column": 52 }
      },
      "41": {
        "start": { "line": 172, "column": 23 },
        "end": { "line": 172, "column": 48 }
      },
      "42": {
        "start": { "line": 174, "column": 4 },
        "end": { "line": 174, "column": 71 }
      },
      "43": {
        "start": { "line": 177, "column": 23 },
        "end": { "line": 177, "column": 41 }
      },
      "44": {
        "start": { "line": 178, "column": 4 },
        "end": { "line": 178, "column": 80 }
      },
      "45": {
        "start": { "line": 181, "column": 23 },
        "end": { "line": 181, "column": 60 }
      },
      "46": {
        "start": { "line": 182, "column": 4 },
        "end": { "line": 182, "column": 47 }
      },
      "47": {
        "start": { "line": 185, "column": 31 },
        "end": { "line": 188, "column": 6 }
      },
      "48": {
        "start": { "line": 186, "column": 22 },
        "end": { "line": 186, "column": 59 }
      },
      "49": {
        "start": { "line": 187, "column": 6 },
        "end": { "line": 187, "column": 33 }
      },
      "50": {
        "start": { "line": 191, "column": 4 },
        "end": { "line": 191, "column": 65 }
      },
      "51": {
        "start": { "line": 191, "column": 38 },
        "end": { "line": 191, "column": 63 }
      },
      "52": {
        "start": { "line": 193, "column": 4 },
        "end": { "line": 195, "column": 6 }
      },
      "53": {
        "start": { "line": 194, "column": 71 },
        "end": { "line": 194, "column": 86 }
      },
      "54": {
        "start": { "line": 198, "column": 29 },
        "end": { "line": 199, "column": null }
      },
      "55": {
        "start": { "line": 199, "column": 6 },
        "end": { "line": 199, "column": 33 }
      },
      "56": {
        "start": { "line": 201, "column": 4 },
        "end": { "line": 201, "column": 59 }
      },
      "57": {
        "start": { "line": 205, "column": 4 },
        "end": { "line": 209, "column": 5 }
      },
      "58": {
        "start": { "line": 206, "column": 6 },
        "end": { "line": 206, "column": 70 }
      },
      "59": {
        "start": { "line": 207, "column": 6 },
        "end": { "line": 207, "column": 22 }
      },
      "60": {
        "start": { "line": 208, "column": 6 },
        "end": { "line": 208, "column": 20 }
      },
      "61": {
        "start": { "line": 212, "column": 17 },
        "end": { "line": 212, "column": 41 }
      },
      "62": {
        "start": { "line": 213, "column": 4 },
        "end": { "line": 213, "column": 52 }
      },
      "63": {
        "start": { "line": 216, "column": 20 },
        "end": { "line": 218, "column": 18 }
      },
      "64": {
        "start": { "line": 220, "column": 33 },
        "end": { "line": 220, "column": 34 }
      },
      "65": {
        "start": { "line": 224, "column": 4 },
        "end": { "line": 256, "column": 5 }
      },
      "66": {
        "start": { "line": 225, "column": 6 },
        "end": { "line": 225, "column": 31 }
      },
      "67": {
        "start": { "line": 228, "column": 23 },
        "end": { "line": 228, "column": 40 }
      },
      "68": {
        "start": { "line": 229, "column": 24 },
        "end": { "line": 229, "column": 59 }
      },
      "69": {
[...]
          "end": { "line": 161, "column": 12 }
        },
        "loc": {
          "start": { "line": 161, "column": 20 },
          "end": { "line": 161, "column": 57 }
        }
      },
      "6": {
        "name": "(anonymous_15)",
        "decl": {
          "start": { "line": 162, "column": 14 },
          "end": { "line": 162, "column": 15 }
        },
        "loc": {
          "start": { "line": 162, "column": 25 },
          "end": { "line": 162, "column": 37 }
        }
      },
      "7": {
        "name": "(anonymous_16)",
        "decl": {
          "start": { "line": 163, "column": 12 },
          "end": { "line": 163, "column": 13 }
        },
        "loc": {
          "start": { "line": 163, "column": 22 },
          "end": { "line": 163, "column": 27 }
        }
      },
      "8": {
        "name": "(anonymous_17)",
        "decl": {
          "start": { "line": 185, "column": 55 },
          "end": { "line": 185, "column": 56 }
        },
        "loc": {
          "start": { "line": 185, "column": 64 },
          "end": { "line": 188, "column": 5 }
        }
      },
      "9": {
        "name": "(anonymous_18)",
        "decl": {
          "start": { "line": 191, "column": 28 },
          "end": { "line": 191, "column": 29 }
        },
        "loc": {
          "start": { "line": 191, "column": 38 },
          "end": { "line": 191, "column": 63 }
        }
      },
      "10": {
        "name": "(anonymous_19)",
        "decl": {
          "start": { "line": 194, "column": 64 },
          "end": { "line": 194, "column": 65 }
        },
        "loc": {
          "start": { "line": 194, "column": 71 },
          "end": { "line": 194, "column": 86 }
        }
      },
      "11": {
        "name": "(anonymous_20)",
        "decl": {
          "start": { "line": 198, "column": 53 },
          "end": { "line": 198, "column": 54 }
        },
        "loc": {
          "start": { "line": 199, "column": 6 },
          "end": { "line": 199, "column": 33 }
        }
      },
      "12": {
        "name": "(anonymous_21)",
        "decl": {
          "start": { "line": 233, "column": 53 },
          "end": { "line": 233, "column": 54 }
        },
        "loc": {
          "start": { "line": 234, "column": 10 },
          "end": { "line": 234, "column": 36 }
        }
      }
    },
    "branchMap": {
      "0": {
        "loc": {
          "start": { "line": 96, "column": 2 },
          "end": { "line": 103, "column": 3 }
        },
        "type": "if",
        "locations": [
          {
            "start": { "line": 96, "column": 2 },
            "end": { "line": 103, "column": 3 }
          }
        ]
      },
      "1": {
        "loc": {
          "start": { "line": 97, "column": 4 },
          "end": { "line": 99, "column": 36 }
        },
        "type": "binary-expr",
        "locations": [
          {
            "start": { "line": 97, "column": 4 },
            "end": { "line": 97, "column": 24 }
          },
          {
            "start": { "line": 98, "column": 4 },
            "end": { "line": 98, "column": 39 }
          },
          {
            "start": { "line": 99, "column": 4 },
            "end": { "line": 99, "column": 36 }
          }
        ]
      },
      "2": {
        "loc": {
          "start": { "line": 123, "column": 2 },
          "end": { "line": 260, "column": 3 }
        },
        "type": "if",
        "locations": [
          {
            "start": { "line": 123, "column": 2 },
            "end": { "line": 260, "column": 3 }
          }
        ]
      },
      "3": {
        "loc": {
          "start": { "line": 128, "column": 21 },
          "end": { "line": 128, "column": 47 }
        },
        "type": "binary-expr",
        "locations": [
          {
            "start": { "line": 128, "column": 21 },
            "end": { "line": 128, "column": 38 }
          },
          {
            "start": { "line": 128, "column": 42 },
            "end": { "line": 128, "column": 47 }
          }
        ]
      },
      "4": {
        "loc": {
          "start": { "line": 138, "column": 4 },
          "end": { "line": 146, "column": 5 }
        },
        "type": "if",
        "locations": [
          {
            "start": { "line": 138, "column": 4 },
            "end": { "line": 146, "column": 5 }
          }
        ]
      },
      "5": {
        "loc": {
          "start": { "line": 139, "column": 6 },
          "end": { "line": 141, "column": 38 }
        },
        "type": "binary-expr",
        "locations": [
          {
            "start": { "line": 139, "column": 6 },
            "end": { "line": 139, "column": 26 }
          },
          {
            "start": { "line": 140, "column": 6 },
            "end": { "line": 140, "column": 41 }
          },
          {
            "start": { "line": 141, "column": 6 },
            "end": { "line": 141, "column": 38 }
          }
        ]
      },
      "6": {
        "loc": {
          "start": { "line": 205, "column": 4 },
          "end": { "line": 209, "column": 5 }
        },
        "type": "if",
        "locations": [
          {
            "start": { "line": 205, "column": 4 },
            "end": { "line": 209, "column": 5 }
          }
        ]
      },
      "7": {
        "loc": {
          "start": { "line": 205, "column": 8 },
          "end": { "line": 205, "column": 39 }
        },
        "type": "binary-expr",
        "locations": [
          {
            "start": { "line": 205, "column": 8 },
            "end": { "line": 205, "column": 18 }
          },
          {
            "start": { "line": 205, "column": 22 },
            "end": { "line": 205, "column": 39 }
          }
        ]
      },
      "8": {
        "loc": {
          "start": { "line": 212, "column": 17 },
          "end": { "line": 212, "column": 41 }
        },
        "type": "cond-expr",
        "locations": [
          {
            "start": { "line": 212, "column": 36 },
            "end": { "line": 212, "column": 37 }
          },
          {
            "start": { "line": 212, "column": 40 },
            "end": { "line": 212, "column": 41 }
          }
        ]
      },
      "9": {
        "loc": {
          "start": { "line": 216, "column": 20 },
          "end": { "line": 218, "column": 18 }
        },
        "type": "cond-expr",
        "locations": [
          {
            "start": { "line": 217, "column": 8 },
            "end": { "line": 217, "column": 30 }
          },
          {
            "start": { "line": 218, "column": 8 },
            "end": { "line": 218, "column": 18 }
          }
        ]
      },
      "10": {
        "loc": {
          "start": { "line": 231, "column": 6 },
          "end": { "line": 252, "column": 7 }
        },
        "type": "if",
        "locations": [
          {
            "start": { "line": 231, "column": 6 },
            "end": { "line": 252, "column": 7 }
          }
        ]
      },
      "11": {
        "loc": {
          "start": { "line": 241, "column": 8 },
          "end": { "line": 249, "column": 9 }
        },
        "type": "if",
        "locations": [
          {
            "start": { "line": 241, "column": 8 },
            "end": { "line": 249, "column": 9 }
          },
          {
            "start": { "line": 245, "column": 15 },
            "end": { "line": 249, "column": 9 }
          }
        ]
      }
    },
    "s": {
      "0": 0,
      "1": 0,
      "2": 0,
      "3": 0,
      "4": 0,
      "5": 0,
      "6": 0,
      "7": 0,
      "8": 0,
      "9": 0,
      "10": 0,
      "11": 0,
      "12": 0,
      "13": 0,
      "14": 0,
      "15": 0,
      "16": 0,
      "17": 0,
      "18": 0,
      "19": 0,
      "20": 0,
      "21": 0,
      "22": 0,
      "23": 0,
      "24": 0,
      "25": 0,
      "26": 0,
      "27": 0,
      "28": 0,
      "29": 0,
      "30": 0,
      "31": 0,
      "32": 0,
      "33": 0,
      "34": 0,
      "35": 0,
      "36": 0,
      "37": 0,
      "38": 0,
      "39": 0,
      "40": 0,
      "41": 0,
      "42": 0,
      "43": 0,
      "44": 0,
      "45": 0,
      "46": 0,
      "47": 0,
      "48": 0,
      "49": 0,
      "50": 0,
      "51": 0,
      "52": 0,
      "53": 0,
      "54": 0,
      "55": 0,
      "56": 0,
      "57": 0,
      "58": 0,
      "59": 0,
      "60": 0,
      "61": 0,
      "62": 0,
      "63": 0,
      "64": 0,
      "65": 0,
      "66": 0,
      "67": 0,
      "68": 0,
      "69": 0,
      "70": 0,
      "71": 0,
      "72": 0,
      "73": 0,
      "74": 0,
      "75": 0,
      "76": 0,
      "77": 0,
      "78": 0,
      "79": 0,
      "80": 0,
      "81": 0,
      "82": 0
    },
    "f": {
      "0": 0,
      "1": 0,
      "2": 0,
      "3": 0,
      "4": 0,
      "5": 0,
      "6": 0,
      "7": 0,
      "8": 0,
      "9": 0,
      "10": 0,
      "11": 0,
      "12": 0
    },
    "b": {
      "0": [0],
      "1": [0, 0, 0],
      "2": [0],
      "3": [0, 0],
      "4": [0],
      "5": [0, 0, 0],
      "6": [0],
      "7": [0, 0],
      "8": [0, 0],
      "9": [0, 0],
      "10": [0],
      "11": [0, 0]
    }
  },
  "/Users/georgepapagapitos/Documents/programming/projects/hannahs-habits/habits-api/src/models/user.model.ts": {
    "path": "/Users/georgepapagapitos/Documents/programming/projects/hannahs-habits/habits-api/src/models/user.model.ts",
    "statementMap": {
      "0": {
        "start": { "line": 1, "column": 0 },
        "end": { "line": 1, "column": 32 }
      },
      "1": {
        "start": { "line": 4, "column": 19 },
        "end": { "line": 33, "column": null }
      },
      "2": {
        "start": { "line": 36, "column": 13 },
        "end": { "line": 36, "column": 69 }
      }
    },
    "fnMap": {},
    "branchMap": {},
    "s": { "0": 0, "1": 0, "2": 0 },
    "f": {},
    "b": {}
  },
  "/Users/georgepapagapitos/Documents/programming/projects/hannahs-habits/habits-api/src/routes/auth.routes.ts": {
    "path": "/Users/georgepapagapitos/Documents/programming/projects/hannahs-habits/habits-api/src/routes/auth.routes.ts",
    "statementMap": {
      "0": {
        "start": { "line": 1, "column": 0 },
        "end": { "line": 1, "column": 30 }
      },
      "1": {
        "start": { "line": 2, "column": 0 },
        "end": { "line": 2, "column": null }
      },
      "2": {
        "start": { "line": 7, "column": 0 },
        "end": { "line": 7, "column": 56 }
      },
      "3": {
        "start": { "line": 8, "column": 0 },
        "end": { "line": 8, "column": 80 }
      },
      "4": {
        "start": { "line": 10, "column": 15 },
        "end": { "line": 10, "column": 31 }
      },
      "5": {
        "start": { "line": 12, "column": 0 },
        "end": { "line": 12, "column": 57 }
      },
      "6": {
        "start": { "line": 13, "column": 0 },
        "end": { "line": 13, "column": 48 }
      },
      "7": {
        "start": { "line": 14, "column": 0 },
        "end": { "line": 14, "column": 43 }
      },
      "8": {
        "start": { "line": 16, "column": 0 },
        "end": { "line": 16, "column": 22 }
      }
    },
    "fnMap": {},
    "branchMap": {},
    "s": {
      "0": 0,
      "1": 0,
      "2": 0,
      "3": 0,
      "4": 0,
      "5": 0,
      "6": 0,
      "7": 0,
      "8": 0
    },
    "f": {},
    "b": {}
  },
  "/Users/georgepapagapitos/Documents/programming/projects/hannahs-habits/habits-api/src/routes/habit.routes.ts": {
    "path": "/Users/georgepapagapitos/Documents/programming/projects/hannahs-habits/habits-api/src/routes/habit.routes.ts",
    "statementMap": {
      "0": {
        "start": { "line": 1, "column": 0 },
        "end": { "line": 1, "column": 33 }
      },
      "1": {
        "start": { "line": 2, "column": 0 },
        "end": { "line": 2, "column": 66 }
      },
      "2": {
        "start": { "line": 3, "column": 0 },
        "end": { "line": 3, "column": 56 }
      },
      "3": {
        "start": { "line": 5, "column": 15 },
        "end": { "line": 5, "column": 23 }
      },
      "4": {
        "start": { "line": 8, "column": 0 },
        "end": { "line": 8, "column": 20 }
      },
      "5": {
        "start": { "line": 11, "column": 0 },
        "end": { "line": 11, "column": 46 }
      },
      "6": {
        "start": { "line": 14, "column": 0 },
        "end": { "line": 14, "column": 49 }
      },
      "7": {
        "start": { "line": 17, "column": 0 },
        "end": { "line": 17, "column": 46 }
      },
      "8": {
        "start": { "line": 20, "column": 0 },
        "end": { "line": 20, "column": 48 }
      },
      "9": {
        "start": { "line": 23, "column": 0 },
        "end": { "line": 23, "column": 51 }
      },
      "10": {
        "start": { "line": 26, "column": 0 },
        "end": { "line": 26, "column": 73 }
      },
      "11": {
        "start": { "line": 28, "column": 0 },
        "end": { "line": 28, "column": 22 }
      }
    },
    "fnMap": {},
    "branchMap": {},
    "s": {
      "0": 0,
      "1": 0,
      "2": 0,
      "3": 0,
      "4": 0,
      "5": 0,
      "6": 0,
      "7": 0,
      "8": 0,
      "9": 0,
      "10": 0,
      "11": 0
    },
    "f": {},
    "b": {}
  },
  "/Users/georgepapagapitos/Documents/programming/projects/hannahs-habits/habits-api/src/routes/index.ts": {
    "path": "/Users/georgepapagapitos/Documents/programming/projects/hannahs-habits/habits-api/src/routes/index.ts",
    "statementMap": {
      "0": {
        "start": { "line": 1, "column": 0 },
        "end": { "line": 1, "column": 33 }
      },
      "1": {
        "start": { "line": 2, "column": 0 },
        "end": { "line": 2, "column": 39 }
      },
      "2": {
        "start": { "line": 3, "column": 0 },
        "end": { "line": 3, "column": 41 }
      },
      "3": {
        "start": { "line": 5, "column": 15 },
        "end": { "line": 5, "column": 23 }
      },
      "4": {
        "start": { "line": 8, "column": 0 },
        "end": { "line": 10, "column": 3 }
      },
      "5": {
        "start": { "line": 9, "column": 2 },
        "end": { "line": 9, "column": 41 }
      },
      "6": {
        "start": { "line": 13, "column": 0 },
        "end": { "line": 13, "column": 39 }
      },
      "7": {
        "start": { "line": 14, "column": 0 },
        "end": { "line": 14, "column": 36 }
      },
      "8": {
        "start": { "line": 16, "column": 0 },
        "end": { "line": 16, "column": 22 }
      }
    },
    "fnMap": {
      "0": {
        "name": "(anonymous_1)",
        "decl": {
          "start": { "line": 8, "column": 22 },
          "end": { "line": 8, "column": 23 }
        },
        "loc": {
          "start": { "line": 8, "column": 35 },
          "end": { "line": 10, "column": 1 }
        }
      }
    },
    "branchMap": {},
    "s": {
      "0": 0,
      "1": 0,
      "2": 0,
      "3": 0,
      "4": 0,
      "5": 0,
      "6": 0,
      "7": 0,
      "8": 0
    },
    "f": { "0": 0 },
    "b": {}
  },
  "/Users/georgepapagapitos/Documents/programming/projects/hannahs-habits/habits-api/src/utils/scheduler.ts": {
    "path": "/Users/georgepapagapitos/Documents/programming/projects/hannahs-habits/habits-api/src/utils/scheduler.ts",
    "statementMap": {
      "0": {
        "start": { "line": 1, "column": 0 },
        "end": { "line": 1, "column": 29 }
      },
      "1": {
        "start": { "line": 2, "column": 0 },
        "end": { "line": 2, "column": 46 }
      },
      "2": {
        "start": { "line": 3, "column": 0 },
        "end": { "line": 3, "column": 44 }
      },
      "3": {
        "start": { "line": 8, "column": 30 },
        "end": { "line": 14, "column": 1 }
      },
      "4": {
        "start": { "line": 10, "column": 2 },
        "end": { "line": 13, "column": 5 }
      },
      "5": {
        "start": { "line": 11, "column": 4 },
        "end": { "line": 11, "column": 48 }
      },
      "6": {
        "start": { "line": 12, "column": 4 },
        "end": { "line": 12, "column": 34 }
      },
      "7": {
        "start": { "line": 8, "column": 13 },
        "end": { "line": 8, "column": 30 }
      },
      "8": {
        "start": { "line": 19, "column": 30 },
        "end": { "line": 74, "column": 1 }
      },
      "9": {
        "start": { "line": 20, "column": 2 },
        "end": { "line": 73, "column": 3 }
      },
      "10": {
        "start": { "line": 22, "column": 18 },
        "end": { "line": 22, "column": 28 }
      },
      "11": {
        "start": { "line": 23, "column": 22 },
        "end": { "line": 23, "column": 36 }
      },
      "12": {
        "start": { "line": 24, "column": 23 },
        "end": { "line": 32, "column": 6 }
      },
      "13": {
        "start": { "line": 33, "column": 22 },
        "end": { "line": 33, "column": 43 }
      },
      "14": {
        "start": { "line": 35, "column": 4 },
        "end": { "line": 35, "column": 41 }
      },
      "15": {
        "start": { "line": 38, "column": 18 },
        "end": { "line": 38, "column": 37 }
      },
      "16": {
        "start": { "line": 40, "column": 4 },
        "end": { "line": 68, "column": 5 }
      },
      "17": {
        "start": { "line": 42, "column": 21 },
        "end": { "line": 46, "column": 8 }
      },
      "18": {
        "start": { "line": 48, "column": 6 },
        "end": { "line": 50, "column": 8 }
      },
      "19": {
        "start": { "line": 53, "column": 6 },
        "end": { "line": 67, "column": 7 }
      },
      "20": {
        "start": { "line": 55, "column": 26 },
        "end": { "line": 55, "column": 36 }
      },
      "21": {
        "start": { "line": 56, "column": 8 },
        "end": { "line": 56, "column": 39 }
      },
      "22": {
        "start": { "line": 59, "column": 33 },
        "end": { "line": 59, "column": 68 }
      },
      "23": {
        "start": { "line": 63, "column": 8 },
        "end": { "line": 66, "column": 9 }
      },
      "24": {
        "start": { "line": 65, "column": 10 },
        "end": { "line": 65, "column": 29 }
      },
      "25": {
        "start": { "line": 70, "column": 4 },
        "end": { "line": 70, "column": 47 }
      },
      "26": {
        "start": { "line": 72, "column": 4 },
        "end": { "line": 72, "column": 61 }
      }
    },
    "fnMap": {
      "0": {
        "name": "(anonymous_1)",
        "decl": {
          "start": { "line": 8, "column": 30 },
          "end": { "line": 8, "column": 33 }
        },
        "loc": {
          "start": { "line": 8, "column": 35 },
          "end": { "line": 14, "column": 1 }
        }
      },
      "1": {
        "name": "(anonymous_2)",
        "decl": {
          "start": { "line": 10, "column": 29 },
          "end": { "line": 10, "column": 34 }
        },
        "loc": {
          "start": { "line": 10, "column": 40 },
          "end": { "line": 13, "column": 3 }
        }
      },
      "2": {
        "name": "(anonymous_3)",
        "decl": {
          "start": { "line": 19, "column": 30 },
          "end": { "line": 19, "column": 35 }
        },
        "loc": {
          "start": { "line": 19, "column": 41 },
          "end": { "line": 74, "column": 1 }
        }
      }
    },
    "branchMap": {
      "0": {
        "loc": {
          "start": { "line": 63, "column": 8 },
          "end": { "line": 66, "column": 9 }
        },
        "type": "if",
        "locations": [
          {
            "start": { "line": 63, "column": 8 },
            "end": { "line": 66, "column": 9 }
          }
        ]
      }
    },
    "s": {
      "0": 0,
      "1": 0,
      "2": 0,
      "3": 0,
      "4": 0,
      "5": 0,
      "6": 0,
      "7": 0,
      "8": 0,
      "9": 0,
      "10": 0,
      "11": 0,
      "12": 0,
      "13": 0,
      "14": 0,
      "15": 0,
      "16": 0,
      "17": 0,
      "18": 0,
      "19": 0,
      "20": 0,
      "21": 0,
      "22": 0,
      "23": 0,
      "24": 0,
      "25": 0,
      "26": 0
    },
    "f": { "0": 0, "1": 0, "2": 0 },
    "b": { "0": [0] }
  }
}
