TN:
SF:src/app.ts
FNF:0
FNH:0
DA:1,0
DA:2,0
DA:3,0
DA:4,0
DA:5,0
DA:7,0
DA:10,0
DA:12,0
DA:22,0
DA:23,0
DA:26,0
DA:29,0
DA:30,0
DA:32,0
LF:14
LH:0
BRDA:15,0,0,0
BRDA:15,0,1,0
BRF:2
BRH:0
end_of_record
TN:
SF:src/server.ts
FN:8,(anonymous_1)
FN:10,(anonymous_2)
FN:24,(anonymous_3)
FN:27,(anonymous_4)
FN:30,(anonymous_5)
FN:36,(anonymous_6)
FNF:6
FNH:0
FNDA:0,(anonymous_1)
FNDA:0,(anonymous_2)
FNDA:0,(anonymous_3)
FNDA:0,(anonymous_4)
FNDA:0,(anonymous_5)
FNDA:0,(anonymous_6)
DA:1,0
DA:2,0
DA:3,0
DA:4,0
DA:7,0
DA:10,0
DA:11,0
DA:14,0
DA:20,0
DA:21,0
DA:24,0
DA:25,0
DA:27,0
DA:31,0
DA:32,0
DA:36,0
DA:37,0
DA:38,0
LF:18
LH:0
BRF:0
BRH:0
end_of_record
TN:
SF:src/__tests__/mocks/user.model.mock.ts
FNF:0
FNH:0
DA:2,1
LF:1
LH:1
BRF:0
BRH:0
end_of_record
TN:
SF:src/config/db.ts
FN:7,(anonymous_1)
FN:23,(anonymous_2)
FNF:2
FNH:0
FNDA:0,(anonymous_1)
FNDA:0,(anonymous_2)
DA:1,0
DA:2,0
DA:5,0
DA:7,0
DA:8,0
DA:9,0
DA:10,0
DA:15,0
DA:16,0
DA:18,0
DA:19,0
DA:23,0
DA:24,0
DA:25,0
DA:26,0
DA:28,0
LF:16
LH:0
BRDA:9,0,0,0
BRF:1
BRH:0
end_of_record
TN:
SF:src/config/env.ts
FNF:0
FNH:0
DA:1,0
DA:4,0
DA:7,0
DA:8,0
DA:11,0
LF:5
LH:0
BRDA:7,0,0,0
BRDA:7,0,1,0
BRDA:8,1,0,0
BRDA:8,1,1,0
BRF:4
BRH:0
end_of_record
TN:
SF:src/controllers/auth.controller.ts
FN:9,(anonymous_1)
FN:19,(anonymous_2)
FN:68,(anonymous_3)
FN:115,(anonymous_4)
FNF:4
FNH:0
FNDA:0,(anonymous_1)
FNDA:0,(anonymous_2)
FNDA:0,(anonymous_3)
FNDA:0,(anonymous_4)
DA:1,0
DA:3,0
DA:5,0
DA:9,0
DA:10,0
DA:19,0
DA:20,0
DA:21,0
DA:24,0
DA:28,0
DA:29,0
DA:33,0
DA:37,0
DA:38,0
DA:41,0
DA:48,0
DA:50,0
DA:59,0
DA:61,0
DA:62,0
DA:68,0
DA:69,0
DA:70,0
DA:73,0
DA:75,0
DA:76,0
DA:80,0
DA:84,0
DA:86,0
DA:87,0
DA:91,0
DA:95,0
DA:97,0
DA:106,0
DA:108,0
DA:109,0
DA:115,0
DA:119,0
DA:120,0
DA:121,0
DA:122,0
DA:125,0
DA:127,0
DA:128,0
DA:129,0
DA:132,0
DA:138,0
DA:139,0
LF:48
LH:0
BRDA:12,0,0,0
BRDA:12,0,1,0
BRDA:28,1,0,0
BRDA:31,2,0,0
BRDA:31,2,1,0
BRDA:75,3,0,0
BRDA:86,4,0,0
BRDA:120,5,0,0
BRDA:120,6,0,0
BRDA:120,6,1,0
BRDA:127,7,0,0
BRF:11
BRH:0
end_of_record
TN:
SF:src/controllers/habit.controller.ts
FN:15,isValidationError
FN:28,(anonymous_1)
FN:60,(anonymous_2)
FN:105,(anonymous_3)
FN:131,(anonymous_4)
FN:148,(anonymous_5)
FN:194,(anonymous_6)
FN:211,(anonymous_7)
FN:259,(anonymous_8)
FN:323,(anonymous_9)
FN:332,(anonymous_10)
FN:350,(anonymous_11)
FNF:12
FNH:5
FNDA:0,isValidationError
FNDA:3,(anonymous_1)
FNDA:0,(anonymous_2)
FNDA:0,(anonymous_3)
FNDA:0,(anonymous_4)
FNDA:0,(anonymous_5)
FNDA:0,(anonymous_6)
FNDA:0,(anonymous_7)
FNDA:7,(anonymous_8)
FNDA:2,(anonymous_9)
FNDA:2,(anonymous_10)
FNDA:2,(anonymous_11)
DA:3,1
DA:5,1
DA:6,1
DA:16,0
DA:26,1
DA:32,3
DA:33,3
DA:34,1
DA:38,1
DA:41,2
DA:46,1
DA:52,1
DA:64,0
DA:65,0
DA:66,0
DA:70,0
DA:73,0
DA:75,0
DA:76,0
DA:80,0
DA:84,0
DA:85,0
DA:89,0
DA:92,0
DA:97,0
DA:109,0
DA:110,0
DA:111,0
DA:115,0
DA:118,0
DA:121,0
DA:123,0
DA:125,0
DA:130,0
DA:131,0
DA:133,0
DA:137,0
DA:140,0
DA:152,0
DA:153,0
DA:154,0
DA:158,0
DA:161,0
DA:164,0
DA:166,0
DA:167,0
DA:171,0
DA:175,0
DA:176,0
DA:180,0
DA:183,0
DA:188,0
DA:193,0
DA:194,0
DA:196,0
DA:200,0
DA:203,0
DA:215,0
DA:216,0
DA:217,0
DA:221,0
DA:224,0
DA:226,0
DA:227,0
DA:231,0
DA:235,0
DA:236,0
DA:240,0
DA:244,0
DA:246,0
DA:251,0
DA:263,7
DA:264,7
DA:265,1
DA:269,1
DA:272,6
DA:274,6
DA:278,6
DA:279,1
DA:283,1
DA:287,5
DA:289,5
DA:291,5
DA:293,5
DA:294,1
DA:298,1
DA:302,4
DA:303,1
DA:307,1
DA:311,3
DA:313,3
DA:317,3
DA:319,3
DA:322,3
DA:323,2
DA:327,3
DA:328,3
DA:330,3
DA:332,1
DA:333,2
DA:337,2
DA:341,3
DA:344,3
DA:345,3
DA:346,2
DA:349,2
DA:350,2
DA:353,2
DA:359,1
DA:360,1
DA:361,1
DA:369,0
DA:370,0
DA:371,0
LF:114
LH:51
BRDA:17,0,0,0
BRDA:17,0,1,0
BRDA:17,0,2,0
BRDA:17,0,3,0
BRDA:17,0,4,0
BRDA:17,0,5,0
BRDA:33,1,0,1
BRDA:33,2,0,3
BRDA:33,2,1,2
BRDA:65,3,0,0
BRDA:65,4,0,0
BRDA:65,4,1,0
BRDA:75,5,0,0
BRDA:84,6,0,0
BRDA:110,7,0,0
BRDA:110,8,0,0
BRDA:110,8,1,0
BRDA:130,9,0,0
BRDA:153,10,0,0
BRDA:153,11,0,0
BRDA:153,11,1,0
BRDA:166,12,0,0
BRDA:175,13,0,0
BRDA:193,14,0,0
BRDA:216,15,0,0
BRDA:216,16,0,0
BRDA:216,16,1,0
BRDA:226,17,0,0
BRDA:235,18,0,0
BRDA:264,19,0,1
BRDA:264,20,0,7
BRDA:264,20,1,6
BRDA:278,21,0,1
BRDA:287,22,0,5
BRDA:287,22,1,0
BRDA:293,23,0,1
BRDA:302,24,0,1
BRDA:330,25,0,1
BRDA:330,25,1,2
BRDA:359,26,0,1
BRDA:359,26,1,0
BRDA:369,27,0,0
BRDA:369,27,1,0
BRF:43
BRH:13
end_of_record
TN:
SF:src/middleware/auth.middleware.ts
FN:13,(anonymous_1)
FNF:1
FNH:1
FNDA:3,(anonymous_1)
DA:2,1
DA:3,1
DA:13,1
DA:21,3
DA:25,2
DA:27,2
DA:30,2
DA:36,1
DA:38,1
DA:39,0
DA:40,0
DA:44,1
DA:50,1
DA:51,1
DA:53,1
DA:54,1
DA:55,1
DA:60,1
DA:61,1
DA:62,1
LF:20
LH:18
BRDA:21,0,0,2
BRDA:22,1,0,3
BRDA:22,1,1,2
BRDA:32,2,0,2
BRDA:32,2,1,0
BRDA:38,3,0,0
BRDA:60,4,0,1
BRF:7
BRH:5
end_of_record
TN:
SF:src/middleware/auth.validation.ts
FN:5,(anonymous_1)
FN:39,(anonymous_2)
FNF:2
FNH:0
FNDA:0,(anonymous_1)
FNDA:0,(anonymous_2)
DA:2,0
DA:5,0
DA:10,0
DA:26,0
DA:28,0
DA:29,0
DA:33,0
DA:36,0
DA:39,0
DA:44,0
DA:54,0
DA:56,0
DA:57,0
DA:61,0
DA:64,0
LF:15
LH:0
BRDA:28,0,0,0
BRDA:56,1,0,0
BRF:2
BRH:0
end_of_record
TN:
SF:src/middleware/error.middleware.ts
FN:9,(anonymous_0)
FN:20,(anonymous_1)
FN:56,(anonymous_2)
FNF:3
FNH:0
FNDA:0,(anonymous_0)
FNDA:0,(anonymous_1)
FNDA:0,(anonymous_2)
DA:4,0
DA:10,0
DA:11,0
DA:12,0
DA:13,0
DA:15,0
DA:20,0
DA:28,0
DA:29,0
DA:30,0
DA:31,0
DA:34,0
DA:35,0
DA:36,0
DA:37,0
DA:38,0
DA:39,0
DA:40,0
DA:41,0
DA:42,0
DA:43,0
DA:44,0
DA:45,0
DA:48,0
DA:56,0
DA:61,0
DA:65,0
LF:27
LH:0
BRDA:12,0,0,0
BRDA:12,0,1,0
BRDA:31,1,0,0
BRDA:31,1,1,0
BRDA:34,2,0,0
BRDA:34,2,1,0
BRDA:38,3,0,0
BRDA:38,3,1,0
BRDA:42,4,0,0
BRDA:51,5,0,0
BRDA:51,5,1,0
BRF:11
BRH:0
end_of_record
TN:
SF:src/models/habit.model.ts
FN:31,(anonymous_9)
FN:41,(anonymous_10)
FN:87,(anonymous_11)
FN:107,(anonymous_12)
FN:122,(anonymous_13)
FN:161,(anonymous_14)
FN:162,(anonymous_15)
FN:163,(anonymous_16)
FN:185,(anonymous_17)
FN:191,(anonymous_18)
FN:194,(anonymous_19)
FN:198,(anonymous_20)
FN:233,(anonymous_21)
FNF:13
FNH:0
FNDA:0,(anonymous_9)
FNDA:0,(anonymous_10)
FNDA:0,(anonymous_11)
FNDA:0,(anonymous_12)
FNDA:0,(anonymous_13)
FNDA:0,(anonymous_14)
FNDA:0,(anonymous_15)
FNDA:0,(anonymous_16)
FNDA:0,(anonymous_17)
FNDA:0,(anonymous_18)
FNDA:0,(anonymous_19)
FNDA:0,(anonymous_20)
FNDA:0,(anonymous_21)
DA:1,0
DA:3,0
DA:4,0
DA:6,0
DA:32,0
DA:41,0
DA:83,0
DA:84,0
DA:87,0
DA:92,0
DA:96,0
DA:101,0
DA:102,0
DA:107,0
DA:108,0
DA:109,0
DA:110,0
DA:111,0
DA:114,0
DA:117,0
DA:118,0
DA:122,0
DA:123,0
DA:128,0
DA:131,0
DA:134,0
DA:135,0
DA:138,0
DA:143,0
DA:144,0
DA:145,0
DA:149,0
DA:160,0
DA:161,0
DA:162,0
DA:163,0
DA:165,0
DA:168,0
DA:169,0
DA:171,0
DA:172,0
DA:174,0
DA:177,0
DA:178,0
DA:181,0
DA:182,0
DA:185,0
DA:186,0
DA:187,0
DA:191,0
DA:193,0
DA:194,0
DA:198,0
DA:199,0
DA:201,0
DA:205,0
DA:206,0
DA:207,0
DA:208,0
DA:212,0
DA:213,0
DA:216,0
DA:220,0
DA:224,0
DA:225,0
DA:228,0
DA:229,0
DA:231,0
DA:233,0
DA:234,0
DA:237,0
DA:241,0
DA:243,0
DA:244,0
DA:247,0
DA:248,0
DA:255,0
DA:258,0
DA:259,0
DA:261,0
DA:264,0
LF:81
LH:0
BRDA:96,0,0,0
BRDA:97,1,0,0
BRDA:97,1,1,0
BRDA:97,1,2,0
BRDA:123,2,0,0
BRDA:128,3,0,0
BRDA:128,3,1,0
BRDA:138,4,0,0
BRDA:139,5,0,0
BRDA:139,5,1,0
BRDA:139,5,2,0
BRDA:205,6,0,0
BRDA:205,7,0,0
BRDA:205,7,1,0
BRDA:212,8,0,0
BRDA:212,8,1,0
BRDA:216,9,0,0
BRDA:216,9,1,0
BRDA:231,10,0,0
BRDA:241,11,0,0
BRDA:241,11,1,0
BRF:21
BRH:0
end_of_record
TN:
SF:src/models/user.model.ts
FNF:0
FNH:0
DA:1,0
DA:4,0
DA:36,0
LF:3
LH:0
BRF:0
BRH:0
end_of_record
TN:
SF:src/routes/auth.routes.ts
FNF:0
FNH:0
DA:1,0
DA:2,0
DA:7,0
DA:8,0
DA:10,0
DA:12,0
DA:13,0
DA:14,0
DA:16,0
LF:9
LH:0
BRF:0
BRH:0
end_of_record
TN:
SF:src/routes/habit.routes.ts
FNF:0
FNH:0
DA:1,0
DA:2,0
DA:3,0
DA:5,0
DA:8,0
DA:11,0
DA:14,0
DA:17,0
DA:20,0
DA:23,0
DA:26,0
DA:28,0
LF:12
LH:0
BRF:0
BRH:0
end_of_record
TN:
SF:src/routes/index.ts
FN:8,(anonymous_1)
FNF:1
FNH:0
FNDA:0,(anonymous_1)
DA:1,0
DA:2,0
DA:3,0
DA:5,0
DA:8,0
DA:9,0
DA:13,0
DA:14,0
DA:16,0
LF:9
LH:0
BRF:0
BRH:0
end_of_record
TN:
SF:src/utils/scheduler.ts
FN:8,(anonymous_1)
FN:10,(anonymous_2)
FN:19,(anonymous_3)
FNF:3
FNH:0
FNDA:0,(anonymous_1)
FNDA:0,(anonymous_2)
FNDA:0,(anonymous_3)
DA:1,0
DA:2,0
DA:3,0
DA:8,0
DA:10,0
DA:11,0
DA:12,0
DA:19,0
DA:20,0
DA:22,0
DA:23,0
DA:24,0
DA:33,0
DA:35,0
DA:38,0
DA:40,0
DA:42,0
DA:48,0
DA:53,0
DA:55,0
DA:56,0
DA:59,0
DA:63,0
DA:65,0
DA:70,0
DA:72,0
LF:26
LH:0
BRDA:63,0,0,0
BRF:1
BRH:0
end_of_record
